Form: {}Form: {}\nRequest: GET /customers/new HTTP/1.1
Accept:                    text/html,application/xhtml+xml,application/xml;q=0.9,image/webp,image/apng,*/*;q=0.8
Accept-Encoding:           gzip, deflate, br
Accept-Language:           es-ES,es;q=0.9
Cache-Control:             max-age=0
Connection:                keep-alive
Cookie:                    __utmz=111872281.1545240100.1.1.utmcsr=(direct)|utmccn=(direct)|utmcmd=(none); __utmc=111872281; PHPSESSID=aaf76ca3577b5a1a875c2d858887f8af; __utma=111872281.1576083294.1545240100.1545408710.1545418876.7
Host:                      localhost:8080
Upgrade-Insecure-Requests: 1
User-Agent:                Mozilla/5.0 (Windows NT 10.0; Win64; x64) AppleWebKit/537.36 (KHTML, like Gecko) Chrome/71.0.3578.98 Safari/537.36
X-Php-Ob-Level:            1
Cookie: __utmz=111872281.1545240100.1.1.utmcsr=(direct)|utmccn=(direct)|utmcmd=(none); __utmc=111872281; PHPSESSID=aaf76ca3577b5a1a875c2d858887f8af; __utma=111872281.1576083294.1545240100.1545408710.1545418876.7

Form: {}/nRequest: POST /customers/new HTTP/1.1
Accept:                    text/html,application/xhtml+xml,application/xml;q=0.9,image/webp,image/apng,*/*;q=0.8
Accept-Encoding:           gzip, deflate, br
Accept-Language:           es-ES,es;q=0.9
Cache-Control:             max-age=0
Connection:                keep-alive
Content-Length:            882
Content-Type:              application/x-www-form-urlencoded
Cookie:                    __utmz=111872281.1545240100.1.1.utmcsr=(direct)|utmccn=(direct)|utmcmd=(none); __utmc=111872281; PHPSESSID=aaf76ca3577b5a1a875c2d858887f8af; __utma=111872281.1576083294.1545240100.1545408710.1545418876.7
Host:                      localhost:8080
Origin:                    http://localhost:8080
Referer:                   http://localhost:8080/customers/new
Upgrade-Insecure-Requests: 1
User-Agent:                Mozilla/5.0 (Windows NT 10.0; Win64; x64) AppleWebKit/537.36 (KHTML, like Gecko) Chrome/71.0.3578.98 Safari/537.36
X-Php-Ob-Level:            1
Cookie: __utmz=111872281.1545240100.1.1.utmcsr=(direct)|utmccn=(direct)|utmcmd=(none); __utmc=111872281; PHPSESSID=aaf76ca3577b5a1a875c2d858887f8af; __utma=111872281.1576083294.1545240100.1545408710.1545418876.7

customers1%5BfirstName%5D=juana&customers1%5BlastName%5D=lopez&customers1%5Baddress%5D=&customers1%5Bphone%5D=&customers1%5Bemail%5D=juana%40gmail.com&customers1%5Breference1%5D=&customers1%5BphoneReference1%5D=&customers1%5Bdocid%5D=&customers1%5Bcoordinates%5D=&customers1%5BcreatedDate%5D%5Bdate%5D%5Bmonth%5D=&customers1%5BcreatedDate%5D%5Bdate%5D%5Bday%5D=&customers1%5BcreatedDate%5D%5Bdate%5D%5Byear%5D=&customers1%5BcreatedDate%5D%5Btime%5D%5Bhour%5D=&customers1%5BcreatedDate%5D%5Btime%5D%5Bminute%5D=&customers1%5BupdatedDate%5D%5Bdate%5D%5Bmonth%5D=&customers1%5BupdatedDate%5D%5Bdate%5D%5Bday%5D=&customers1%5BupdatedDate%5D%5Bdate%5D%5Byear%5D=&customers1%5BupdatedDate%5D%5Btime%5D%5Bhour%5D=&customers1%5BupdatedDate%5D%5Btime%5D%5Bminute%5D=&customers1%5BidDocidTypes%5D=&customers1%5BidBranches%5D=&customers1%5B_token%5D=qUboCPxcz-h9qO1lehbM1ljdFHdmvWv_zyuNvfDQmvoForm: {}/nRequest: POST /customers/post HTTP/1.1
Accept:           */*
Accept-Encoding:  gzip, deflate, br
Accept-Language:  es-ES,es;q=0.9
Connection:       keep-alive
Content-Length:   98
Content-Type:     application/x-www-form-urlencoded; charset=UTF-8
Cookie:           __utmz=111872281.1545240100.1.1.utmcsr=(direct)|utmccn=(direct)|utmcmd=(none); __utmc=111872281; PHPSESSID=aaf76ca3577b5a1a875c2d858887f8af; __utma=111872281.1576083294.1545240100.1545418876.1545426090.8; __utmt=1; __utmb=111872281.3.10.1545426090
Host:             localhost:8080
Origin:           http://localhost:8080
Referer:          http://localhost:8080/
User-Agent:       Mozilla/5.0 (Windows NT 10.0; Win64; x64) AppleWebKit/537.36 (KHTML, like Gecko) Chrome/71.0.3578.98 Safari/537.36
X-Php-Ob-Level:   1
X-Requested-With: XMLHttpRequest
Cookie: __utmz=111872281.1545240100.1.1.utmcsr=(direct)|utmccn=(direct)|utmcmd=(none); __utmc=111872281; PHPSESSID=aaf76ca3577b5a1a875c2d858887f8af; __utma=111872281.1576083294.1545240100.1545418876.1545426090.8; __utmt=1; __utmb=111872281.3.10.1545426090

customers1%5BfirstName%5D=&customers1%5BlastName%5D=&customers1%5Bemail%5D=&customers1%5Bdocid%5D=Form: {}/nRequest: POST /customers/post HTTP/1.1
Accept:           */*
Accept-Encoding:  gzip, deflate, br
Accept-Language:  es-ES,es;q=0.9
Connection:       keep-alive
Content-Length:   120
Content-Type:     application/x-www-form-urlencoded; charset=UTF-8
Cookie:           __utmz=111872281.1545240100.1.1.utmcsr=(direct)|utmccn=(direct)|utmcmd=(none); __utmc=111872281; PHPSESSID=aaf76ca3577b5a1a875c2d858887f8af; __utma=111872281.1576083294.1545240100.1545418876.1545426090.8; __utmt=1; __utmb=111872281.4.10.1545426090
Host:             localhost:8080
Origin:           http://localhost:8080
Referer:          http://localhost:8080/
User-Agent:       Mozilla/5.0 (Windows NT 10.0; Win64; x64) AppleWebKit/537.36 (KHTML, like Gecko) Chrome/71.0.3578.98 Safari/537.36
X-Php-Ob-Level:   1
X-Requested-With: XMLHttpRequest
Cookie: __utmz=111872281.1545240100.1.1.utmcsr=(direct)|utmccn=(direct)|utmcmd=(none); __utmc=111872281; PHPSESSID=aaf76ca3577b5a1a875c2d858887f8af; __utma=111872281.1576083294.1545240100.1545418876.1545426090.8; __utmt=1; __utmb=111872281.4.10.1545426090

customers1%5BfirstName%5D=asdsad&customers1%5BlastName%5D=asdasd&customers1%5Bemail%5D=asda&customers1%5Bdocid%5D=asdasdForm: {}/nRequest: POST /customers/post HTTP/1.1
Accept:           */*
Accept-Encoding:  gzip, deflate, br
Accept-Language:  es-ES,es;q=0.9
Connection:       keep-alive
Content-Length:   122
Content-Type:     application/x-www-form-urlencoded; charset=UTF-8
Cookie:           __utmz=111872281.1545240100.1.1.utmcsr=(direct)|utmccn=(direct)|utmcmd=(none); __utmc=111872281; PHPSESSID=aaf76ca3577b5a1a875c2d858887f8af; __utma=111872281.1576083294.1545240100.1545418876.1545426090.8; __utmt=1; __utmb=111872281.5.10.1545426090
Host:             localhost:8080
Origin:           http://localhost:8080
Referer:          http://localhost:8080/
User-Agent:       Mozilla/5.0 (Windows NT 10.0; Win64; x64) AppleWebKit/537.36 (KHTML, like Gecko) Chrome/71.0.3578.98 Safari/537.36
X-Php-Ob-Level:   1
X-Requested-With: XMLHttpRequest
Cookie: __utmz=111872281.1545240100.1.1.utmcsr=(direct)|utmccn=(direct)|utmcmd=(none); __utmc=111872281; PHPSESSID=aaf76ca3577b5a1a875c2d858887f8af; __utma=111872281.1576083294.1545240100.1545418876.1545426090.8; __utmt=1; __utmb=111872281.5.10.1545426090

customers1%5BfirstName%5D=asdsad&customers1%5BlastName%5D=asdasd&customers1%5Bemail%5D=asdasd&customers1%5Bdocid%5D=asdasdForm: {}/nRequest: POST /customers/post HTTP/1.1
Accept:           */*
Accept-Encoding:  gzip, deflate, br
Accept-Language:  es-ES,es;q=0.9
Connection:       keep-alive
Content-Length:   121
Content-Type:     application/x-www-form-urlencoded; charset=UTF-8
Cookie:           __utmz=111872281.1545240100.1.1.utmcsr=(direct)|utmccn=(direct)|utmcmd=(none); __utmc=111872281; PHPSESSID=aaf76ca3577b5a1a875c2d858887f8af; __utma=111872281.1576083294.1545240100.1545418876.1545426090.8; __utmt=1; __utmb=111872281.6.10.1545426090
Host:             localhost:8080
Origin:           http://localhost:8080
Referer:          http://localhost:8080/
User-Agent:       Mozilla/5.0 (Windows NT 10.0; Win64; x64) AppleWebKit/537.36 (KHTML, like Gecko) Chrome/71.0.3578.98 Safari/537.36
X-Php-Ob-Level:   1
X-Requested-With: XMLHttpRequest
Cookie: __utmz=111872281.1545240100.1.1.utmcsr=(direct)|utmccn=(direct)|utmcmd=(none); __utmc=111872281; PHPSESSID=aaf76ca3577b5a1a875c2d858887f8af; __utma=111872281.1576083294.1545240100.1545418876.1545426090.8; __utmt=1; __utmb=111872281.6.10.1545426090

customers1%5BfirstName%5D=asdasd&customers1%5BlastName%5D=asdasd&customers1%5Bemail%5D=adsad&customers1%5Bdocid%5D=asdasdForm: {}/nRequest: POST /customers/post HTTP/1.1
Accept:           */*
Accept-Encoding:  gzip, deflate, br
Accept-Language:  es-ES,es;q=0.9
Connection:       keep-alive
Content-Length:   0
Cookie:           __utmz=111872281.1545240100.1.1.utmcsr=(direct)|utmccn=(direct)|utmcmd=(none); __utmc=111872281; PHPSESSID=aaf76ca3577b5a1a875c2d858887f8af; __utma=111872281.1576083294.1545240100.1545418876.1545426090.8; __utmt=1; __utmb=111872281.18.10.1545426090
Host:             localhost:8080
Origin:           http://localhost:8080
Referer:          http://localhost:8080/
User-Agent:       Mozilla/5.0 (Windows NT 10.0; Win64; x64) AppleWebKit/537.36 (KHTML, like Gecko) Chrome/71.0.3578.98 Safari/537.36
X-Php-Ob-Level:   1
X-Requested-With: XMLHttpRequest
Cookie: __utmz=111872281.1545240100.1.1.utmcsr=(direct)|utmccn=(direct)|utmcmd=(none); __utmc=111872281; PHPSESSID=aaf76ca3577b5a1a875c2d858887f8af; __utma=111872281.1576083294.1545240100.1545418876.1545426090.8; __utmt=1; __utmb=111872281.18.10.1545426090

Form: {}/nRequest: POST /customers/post HTTP/1.1
Accept:           */*
Accept-Encoding:  gzip, deflate, br
Accept-Language:  es-ES,es;q=0.9
Connection:       keep-alive
Content-Length:   0
Cookie:           __utmz=111872281.1545240100.1.1.utmcsr=(direct)|utmccn=(direct)|utmcmd=(none); __utmc=111872281; PHPSESSID=aaf76ca3577b5a1a875c2d858887f8af; __utma=111872281.1576083294.1545240100.1545418876.1545426090.8; __utmt=1; __utmb=111872281.21.10.1545426090
Host:             localhost:8080
Origin:           http://localhost:8080
Referer:          http://localhost:8080/
User-Agent:       Mozilla/5.0 (Windows NT 10.0; Win64; x64) AppleWebKit/537.36 (KHTML, like Gecko) Chrome/71.0.3578.98 Safari/537.36
X-Php-Ob-Level:   1
X-Requested-With: XMLHttpRequest
Cookie: __utmz=111872281.1545240100.1.1.utmcsr=(direct)|utmccn=(direct)|utmcmd=(none); __utmc=111872281; PHPSESSID=aaf76ca3577b5a1a875c2d858887f8af; __utma=111872281.1576083294.1545240100.1545418876.1545426090.8; __utmt=1; __utmb=111872281.21.10.1545426090

Form: {}/nRequest: POST /customers/post HTTP/1.1
Accept:           */*
Accept-Encoding:  gzip, deflate, br
Accept-Language:  es-ES,es;q=0.9
Connection:       keep-alive
Content-Length:   0
Cookie:           __utmz=111872281.1545240100.1.1.utmcsr=(direct)|utmccn=(direct)|utmcmd=(none); __utmc=111872281; PHPSESSID=aaf76ca3577b5a1a875c2d858887f8af; __utma=111872281.1576083294.1545240100.1545418876.1545426090.8; __utmb=111872281.21.10.1545426090
Host:             localhost:8080
Origin:           http://localhost:8080
Referer:          http://localhost:8080/
User-Agent:       Mozilla/5.0 (Windows NT 10.0; Win64; x64) AppleWebKit/537.36 (KHTML, like Gecko) Chrome/71.0.3578.98 Safari/537.36
X-Php-Ob-Level:   1
X-Requested-With: XMLHttpRequest
Cookie: __utmz=111872281.1545240100.1.1.utmcsr=(direct)|utmccn=(direct)|utmcmd=(none); __utmc=111872281; PHPSESSID=aaf76ca3577b5a1a875c2d858887f8af; __utma=111872281.1576083294.1545240100.1545418876.1545426090.8; __utmb=111872281.21.10.1545426090

Form: {}/nRequest: POST /customers/post HTTP/1.1
Accept:           */*
Accept-Encoding:  gzip, deflate, br
Accept-Language:  es-ES,es;q=0.9
Connection:       keep-alive
Content-Length:   872
Content-Type:     application/x-www-form-urlencoded; charset=UTF-8
Cookie:           __utmz=111872281.1545240100.1.1.utmcsr=(direct)|utmccn=(direct)|utmcmd=(none); __utmc=111872281; PHPSESSID=aaf76ca3577b5a1a875c2d858887f8af; __utma=111872281.1576083294.1545240100.1545418876.1545426090.8; __utmt=1; __utmb=111872281.27.10.1545426090
Host:             localhost:8080
Origin:           http://localhost:8080
Referer:          http://localhost:8080/
User-Agent:       Mozilla/5.0 (Windows NT 10.0; Win64; x64) AppleWebKit/537.36 (KHTML, like Gecko) Chrome/71.0.3578.98 Safari/537.36
X-Php-Ob-Level:   1
X-Requested-With: XMLHttpRequest
Cookie: __utmz=111872281.1545240100.1.1.utmcsr=(direct)|utmccn=(direct)|utmcmd=(none); __utmc=111872281; PHPSESSID=aaf76ca3577b5a1a875c2d858887f8af; __utma=111872281.1576083294.1545240100.1545418876.1545426090.8; __utmt=1; __utmb=111872281.27.10.1545426090

customers1%5BfirstName%5D=assad&customers1%5BlastName%5D=asdasd&customers1%5Baddress%5D=&customers1%5Bphone%5D=&customers1%5Bemail%5D=asdsad&customers1%5Breference1%5D=&customers1%5BphoneReference1%5D=&customers1%5Bdocid%5D=&customers1%5Bcoordinates%5D=&customers1%5BcreatedDate%5D%5Bdate%5D%5Bmonth%5D=&customers1%5BcreatedDate%5D%5Bdate%5D%5Bday%5D=&customers1%5BcreatedDate%5D%5Bdate%5D%5Byear%5D=&customers1%5BcreatedDate%5D%5Btime%5D%5Bhour%5D=&customers1%5BcreatedDate%5D%5Btime%5D%5Bminute%5D=&customers1%5BupdatedDate%5D%5Bdate%5D%5Bmonth%5D=&customers1%5BupdatedDate%5D%5Bdate%5D%5Bday%5D=&customers1%5BupdatedDate%5D%5Bdate%5D%5Byear%5D=&customers1%5BupdatedDate%5D%5Btime%5D%5Bhour%5D=&customers1%5BupdatedDate%5D%5Btime%5D%5Bminute%5D=&customers1%5BidDocidTypes%5D=&customers1%5BidBranches%5D=&customers1%5B_token%5D=qUboCPxcz-h9qO1lehbM1ljdFHdmvWv_zyuNvfDQmvoForm: {}/nRequest: POST /customers/post HTTP/1.1
Accept:           */*
Accept-Encoding:  gzip, deflate, br
Accept-Language:  es-ES,es;q=0.9
Connection:       keep-alive
Content-Length:   869
Content-Type:     application/x-www-form-urlencoded; charset=UTF-8
Cookie:           __utmz=111872281.1545240100.1.1.utmcsr=(direct)|utmccn=(direct)|utmcmd=(none); __utmc=111872281; PHPSESSID=aaf76ca3577b5a1a875c2d858887f8af; __utma=111872281.1576083294.1545240100.1545418876.1545426090.8; __utmt=1; __utmb=111872281.31.10.1545426090
Host:             localhost:8080
Origin:           http://localhost:8080
Referer:          http://localhost:8080/
User-Agent:       Mozilla/5.0 (Windows NT 10.0; Win64; x64) AppleWebKit/537.36 (KHTML, like Gecko) Chrome/71.0.3578.98 Safari/537.36
X-Php-Ob-Level:   1
X-Requested-With: XMLHttpRequest
Cookie: __utmz=111872281.1545240100.1.1.utmcsr=(direct)|utmccn=(direct)|utmcmd=(none); __utmc=111872281; PHPSESSID=aaf76ca3577b5a1a875c2d858887f8af; __utma=111872281.1576083294.1545240100.1545418876.1545426090.8; __utmt=1; __utmb=111872281.31.10.1545426090

customers1%5BfirstName%5D=sadas&customers1%5BlastName%5D=asdsa&customers1%5Baddress%5D=&customers1%5Bphone%5D=&customers1%5Bemail%5D=1234&customers1%5Breference1%5D=&customers1%5BphoneReference1%5D=&customers1%5Bdocid%5D=&customers1%5Bcoordinates%5D=&customers1%5BcreatedDate%5D%5Bdate%5D%5Bmonth%5D=&customers1%5BcreatedDate%5D%5Bdate%5D%5Bday%5D=&customers1%5BcreatedDate%5D%5Bdate%5D%5Byear%5D=&customers1%5BcreatedDate%5D%5Btime%5D%5Bhour%5D=&customers1%5BcreatedDate%5D%5Btime%5D%5Bminute%5D=&customers1%5BupdatedDate%5D%5Bdate%5D%5Bmonth%5D=&customers1%5BupdatedDate%5D%5Bdate%5D%5Bday%5D=&customers1%5BupdatedDate%5D%5Bdate%5D%5Byear%5D=&customers1%5BupdatedDate%5D%5Btime%5D%5Bhour%5D=&customers1%5BupdatedDate%5D%5Btime%5D%5Bminute%5D=&customers1%5BidDocidTypes%5D=&customers1%5BidBranches%5D=&customers1%5B_token%5D=qUboCPxcz-h9qO1lehbM1ljdFHdmvWv_zyuNvfDQmvoForm: {}/nRequest: POST /customers/post HTTP/1.1
Accept:           */*
Accept-Encoding:  gzip, deflate, br
Accept-Language:  es-ES,es;q=0.9
Connection:       keep-alive
Content-Length:   189
Content-Type:     application/x-www-form-urlencoded; charset=UTF-8
Cookie:           __utmz=111872281.1545240100.1.1.utmcsr=(direct)|utmccn=(direct)|utmcmd=(none); __utmc=111872281; PHPSESSID=aaf76ca3577b5a1a875c2d858887f8af; __utma=111872281.1576083294.1545240100.1545418876.1545426090.8; __utmt=1; __utmb=111872281.33.10.1545426090
Host:             localhost:8080
Origin:           http://localhost:8080
Referer:          http://localhost:8080/
User-Agent:       Mozilla/5.0 (Windows NT 10.0; Win64; x64) AppleWebKit/537.36 (KHTML, like Gecko) Chrome/71.0.3578.98 Safari/537.36
X-Php-Ob-Level:   1
X-Requested-With: XMLHttpRequest
Cookie: __utmz=111872281.1545240100.1.1.utmcsr=(direct)|utmccn=(direct)|utmcmd=(none); __utmc=111872281; PHPSESSID=aaf76ca3577b5a1a875c2d858887f8af; __utma=111872281.1576083294.1545240100.1545418876.1545426090.8; __utmt=1; __utmb=111872281.33.10.1545426090

customers1%5BfirstName%5D=asdasd&customers1%5BlastName%5D=asdasd&customers1%5Bemail%5D=asdsad&customers1%5Bdocid%5D=asdasd&customers1%5B_token%5D=qUboCPxcz-h9qO1lehbM1ljdFHdmvWv_zyuNvfDQmvoForm: {}/nRequest: GET /customers/new HTTP/1.1
Accept:                    text/html,application/xhtml+xml,application/xml;q=0.9,image/webp,image/apng,*/*;q=0.8
Accept-Encoding:           gzip, deflate, br
Accept-Language:           es-ES,es;q=0.9
Connection:                keep-alive
Cookie:                    __utmz=111872281.1545240100.1.1.utmcsr=(direct)|utmccn=(direct)|utmcmd=(none); __utmc=111872281; PHPSESSID=aaf76ca3577b5a1a875c2d858887f8af; __utma=111872281.1576083294.1545240100.1545418876.1545426090.8; __utmt=1; __utmb=111872281.34.10.1545426090
Host:                      localhost:8080
Referer:                   http://localhost:8080/customers/
Upgrade-Insecure-Requests: 1
User-Agent:                Mozilla/5.0 (Windows NT 10.0; Win64; x64) AppleWebKit/537.36 (KHTML, like Gecko) Chrome/71.0.3578.98 Safari/537.36
X-Php-Ob-Level:            1
Cookie: __utmz=111872281.1545240100.1.1.utmcsr=(direct)|utmccn=(direct)|utmcmd=(none); __utmc=111872281; PHPSESSID=aaf76ca3577b5a1a875c2d858887f8af; __utma=111872281.1576083294.1545240100.1545418876.1545426090.8; __utmt=1; __utmb=111872281.34.10.1545426090

Form: {}/nRequest: POST /customers/post HTTP/1.1
Accept:           */*
Accept-Encoding:  gzip, deflate, br
Accept-Language:  es-ES,es;q=0.9
Connection:       keep-alive
Content-Length:   187
Content-Type:     application/x-www-form-urlencoded; charset=UTF-8
Cookie:           __utmz=111872281.1545240100.1.1.utmcsr=(direct)|utmccn=(direct)|utmcmd=(none); __utmc=111872281; PHPSESSID=aaf76ca3577b5a1a875c2d858887f8af; __utma=111872281.1576083294.1545240100.1545418876.1545426090.8; __utmt=1; __utmb=111872281.35.10.1545426090
Host:             localhost:8080
Origin:           http://localhost:8080
Referer:          http://localhost:8080/
User-Agent:       Mozilla/5.0 (Windows NT 10.0; Win64; x64) AppleWebKit/537.36 (KHTML, like Gecko) Chrome/71.0.3578.98 Safari/537.36
X-Php-Ob-Level:   1
X-Requested-With: XMLHttpRequest
Cookie: __utmz=111872281.1545240100.1.1.utmcsr=(direct)|utmccn=(direct)|utmcmd=(none); __utmc=111872281; PHPSESSID=aaf76ca3577b5a1a875c2d858887f8af; __utma=111872281.1576083294.1545240100.1545418876.1545426090.8; __utmt=1; __utmb=111872281.35.10.1545426090

customers1%5BfirstName%5D=asdsad&customers1%5BlastName%5D=asdas&customers1%5Bemail%5D=asdsa&customers1%5Bdocid%5D=asdsad&customers1%5B_token%5D=qUboCPxcz-h9qO1lehbM1ljdFHdmvWv_zyuNvfDQmvo