request: February 4, 2019, 11:34 pm - POST /customers/add HTTP/1.1
Accept:          */*
Accept-Encoding: gzip, deflate
Cache-Control:   no-cache
Connection:      keep-alive
Content-Length:  409
Content-Type:    multipart/form-data; boundary=--------------------------183656902597364928771364
Cookie:          PHPSESSID=156b114af3b641f26d683f2510ee0ed7
Host:            localhost:8080
Postman-Token:   95beffff-0b01-4546-935b-5b9d403e6c88
User-Agent:      PostmanRuntime/7.6.0
X-Php-Ob-Level:  1
Cookie: PHPSESSID=156b114af3b641f26d683f2510ee0ed7


-------------------------
request: February 4, 2019, 11:35 pm - POST /customers/add HTTP/1.1
Accept:          */*
Accept-Encoding: gzip, deflate
Cache-Control:   no-cache
Connection:      keep-alive
Content-Length:  409
Content-Type:    multipart/form-data; boundary=--------------------------454680603695735196997925
Cookie:          PHPSESSID=156b114af3b641f26d683f2510ee0ed7
Host:            localhost:8080
Postman-Token:   86891748-fec3-4f5e-a3d5-994dc30a7469
User-Agent:      PostmanRuntime/7.6.0
X-Php-Ob-Level:  1
Cookie: PHPSESSID=156b114af3b641f26d683f2510ee0ed7


-------------------------
request: February 4, 2019, 11:36 pm - POST /customers/add HTTP/1.1
Accept:          */*
Accept-Encoding: gzip, deflate
Cache-Control:   no-cache
Connection:      keep-alive
Content-Length:  409
Content-Type:    multipart/form-data; boundary=--------------------------219375103855956615583616
Cookie:          PHPSESSID=156b114af3b641f26d683f2510ee0ed7
Host:            localhost:8080
Postman-Token:   ac8927c5-9663-4bdf-806f-c56450955eda
User-Agent:      PostmanRuntime/7.6.0
X-Php-Ob-Level:  1
Cookie: PHPSESSID=156b114af3b641f26d683f2510ee0ed7


-------------------------
