Form: {}/nRequest: POST /customers/post HTTP/1.1
Accept:           */*
Accept-Encoding:  gzip, deflate, br
Accept-Language:  es-ES,es;q=0.9
Connection:       keep-alive
Content-Length:   145
Content-Type:     application/x-www-form-urlencoded; charset=UTF-8
Cookie:           __utmz=111872281.1545240100.1.1.utmcsr=(direct)|utmccn=(direct)|utmcmd=(none); __utmc=111872281; PHPSESSID=5d639c1817dcf2d3b4c1a7a2ddf64868; _ga=GA1.1.1576083294.1545240100; _gid=GA1.1.209083629.1545665008; __qca=P0-1088225960-1545665011151; __utma=111872281.1576083294.1545240100.1545682680.1545689317.15; __utmt=1; __utmb=111872281.15.10.1545689317
Host:             localhost:8080
Origin:           http://localhost:8080
Referer:          http://localhost:8080/
User-Agent:       Mozilla/5.0 (Windows NT 10.0; Win64; x64) AppleWebKit/537.36 (KHTML, like Gecko) Chrome/71.0.3578.98 Safari/537.36
X-Php-Ob-Level:   1
X-Requested-With: XMLHttpRequest
Cookie: __utmz=111872281.1545240100.1.1.utmcsr=(direct)|utmccn=(direct)|utmcmd=(none); __utmc=111872281; PHPSESSID=5d639c1817dcf2d3b4c1a7a2ddf64868; _ga=GA1.1.1576083294.1545240100; _gid=GA1.1.209083629.1545665008; __qca=P0-1088225960-1545665011151; __utma=111872281.1576083294.1545240100.1545682680.1545689317.15; __utmt=1; __utmb=111872281.15.10.1545689317

customers1%5BfirstName%5D=asdasd&customers1%5BlastName%5D=asdsad&customers1%5Bemail%5D=ad&customers1%5Bdocid%5D=asdasd&customers1%5B_token%5D=asdForm: {}/nRequest: GET /customers/new HTTP/1.1
Accept:                    text/html,application/xhtml+xml,application/xml;q=0.9,image/webp,image/apng,*/*;q=0.8
Accept-Encoding:           gzip, deflate, br
Accept-Language:           es-ES,es;q=0.9
Cache-Control:             max-age=0
Connection:                keep-alive
Cookie:                    __utmz=111872281.1545240100.1.1.utmcsr=(direct)|utmccn=(direct)|utmcmd=(none); __utmc=111872281; PHPSESSID=5d639c1817dcf2d3b4c1a7a2ddf64868; _ga=GA1.1.1576083294.1545240100; _gid=GA1.1.209083629.1545665008; __qca=P0-1088225960-1545665011151; __utma=111872281.1576083294.1545240100.1545682680.1545689317.15; __utmt=1; __utmb=111872281.15.10.1545689317
Host:                      localhost:8080
Upgrade-Insecure-Requests: 1
User-Agent:                Mozilla/5.0 (Windows NT 10.0; Win64; x64) AppleWebKit/537.36 (KHTML, like Gecko) Chrome/71.0.3578.98 Safari/537.36
X-Php-Ob-Level:            1
Cookie: __utmz=111872281.1545240100.1.1.utmcsr=(direct)|utmccn=(direct)|utmcmd=(none); __utmc=111872281; PHPSESSID=5d639c1817dcf2d3b4c1a7a2ddf64868; _ga=GA1.1.1576083294.1545240100; _gid=GA1.1.209083629.1545665008; __qca=P0-1088225960-1545665011151; __utma=111872281.1576083294.1545240100.1545682680.1545689317.15; __utmt=1; __utmb=111872281.15.10.1545689317

Form: {}/nRequest: GET /customers/new HTTP/1.1
Accept:                    text/html,application/xhtml+xml,application/xml;q=0.9,image/webp,image/apng,*/*;q=0.8
Accept-Encoding:           gzip, deflate, br
Accept-Language:           es-ES,es;q=0.9
Cache-Control:             max-age=0
Connection:                keep-alive
Cookie:                    __utmz=111872281.1545240100.1.1.utmcsr=(direct)|utmccn=(direct)|utmcmd=(none); __utmc=111872281; PHPSESSID=5d639c1817dcf2d3b4c1a7a2ddf64868; _ga=GA1.1.1576083294.1545240100; _gid=GA1.1.209083629.1545665008; __qca=P0-1088225960-1545665011151; __utma=111872281.1576083294.1545240100.1545682680.1545689317.15; __utmt=1; __utmb=111872281.15.10.1545689317
Host:                      localhost:8080
Upgrade-Insecure-Requests: 1
User-Agent:                Mozilla/5.0 (Windows NT 10.0; Win64; x64) AppleWebKit/537.36 (KHTML, like Gecko) Chrome/71.0.3578.98 Safari/537.36
X-Php-Ob-Level:            1
Cookie: __utmz=111872281.1545240100.1.1.utmcsr=(direct)|utmccn=(direct)|utmcmd=(none); __utmc=111872281; PHPSESSID=5d639c1817dcf2d3b4c1a7a2ddf64868; _ga=GA1.1.1576083294.1545240100; _gid=GA1.1.209083629.1545665008; __qca=P0-1088225960-1545665011151; __utma=111872281.1576083294.1545240100.1545682680.1545689317.15; __utmt=1; __utmb=111872281.15.10.1545689317

Form: {}/nRequest: POST /customers/post HTTP/1.1
Accept:           */*
Accept-Encoding:  gzip, deflate, br
Accept-Language:  es-ES,es;q=0.9
Connection:       keep-alive
Content-Length:   201
Content-Type:     application/x-www-form-urlencoded; charset=UTF-8
Cookie:           __utmz=111872281.1545240100.1.1.utmcsr=(direct)|utmccn=(direct)|utmcmd=(none); __utmc=111872281; PHPSESSID=5d639c1817dcf2d3b4c1a7a2ddf64868; _ga=GA1.1.1576083294.1545240100; _gid=GA1.1.209083629.1545665008; __qca=P0-1088225960-1545665011151; __utma=111872281.1576083294.1545240100.1545682680.1545689317.15; __utmt=1; __utmb=111872281.16.10.1545689317
Host:             localhost:8080
Origin:           http://localhost:8080
Referer:          http://localhost:8080/
User-Agent:       Mozilla/5.0 (Windows NT 10.0; Win64; x64) AppleWebKit/537.36 (KHTML, like Gecko) Chrome/71.0.3578.98 Safari/537.36
X-Php-Ob-Level:   1
X-Requested-With: XMLHttpRequest
Cookie: __utmz=111872281.1545240100.1.1.utmcsr=(direct)|utmccn=(direct)|utmcmd=(none); __utmc=111872281; PHPSESSID=5d639c1817dcf2d3b4c1a7a2ddf64868; _ga=GA1.1.1576083294.1545240100; _gid=GA1.1.209083629.1545665008; __qca=P0-1088225960-1545665011151; __utma=111872281.1576083294.1545240100.1545682680.1545689317.15; __utmt=1; __utmb=111872281.16.10.1545689317

customers1%5BfirstName%5D=proof1&customers1%5BlastName%5D=perez&customers1%5Bemail%5D=proof%40gmail.com&customers1%5Bdocid%5D=12345678&customers1%5B_token%5D=xllhGWsZ5b4LaK6UTm0Ab2uNRBFXmEvrDX6IH2mqM_AForm: {}/nRequest: GET /customers/new HTTP/1.0
Connection:     close
Host:           localhost:8080
X-Php-Ob-Level: 1

Form: {}/nRequest: GET /customers/new HTTP/1.0
Connection:     close
Host:           localhost:8080
X-Php-Ob-Level: 1

Form: {}/nRequest: GET /customers/new HTTP/1.0
Connection:     close
Host:           localhost:8080
X-Php-Ob-Level: 1

Form: {}/nRequest: GET /customers/new HTTP/1.0
Connection:     close
Host:           localhost:8080
X-Php-Ob-Level: 1

Form: {}/nRequest: GET /customers/new HTTP/1.0
Connection:     close
Host:           localhost:8080
X-Php-Ob-Level: 1

Form: {}/nRequest: GET /customers/new HTTP/1.0
Connection:     close
Host:           localhost:8080
X-Php-Ob-Level: 1

Form: {}/nRequest: GET /customers/new HTTP/1.0
Connection:     close
Host:           localhost:8080
X-Php-Ob-Level: 1

Form: {}/nRequest: GET /customers/new HTTP/1.0
Connection:     close
Host:           localhost:8080
X-Php-Ob-Level: 1

Form: {}/nRequest: GET /customers/new HTTP/1.0
Connection:     close
Host:           localhost:8080
X-Php-Ob-Level: 1

Form: {}/nRequest: GET /customers/new HTTP/1.0
Connection:     close
Host:           localhost:8080
X-Php-Ob-Level: 1

Form: {}/nRequest: GET /customers/new HTTP/1.0
Connection:     close
Host:           localhost:8080
X-Php-Ob-Level: 1

Form: {}/nRequest: GET /customers/new HTTP/1.0
Connection:     close
Host:           localhost:8080
X-Php-Ob-Level: 1

Form: {}/nRequest: GET /customers/new HTTP/1.0
Connection:     close
Host:           localhost:8080
X-Php-Ob-Level: 1

