Form: {}/nRequest: GET /customers/new HTTP/1.1
Accept:                    text/html,application/xhtml+xml,application/xml;q=0.9,image/webp,image/apng,*/*;q=0.8
Accept-Encoding:           gzip, deflate, br
Accept-Language:           es-ES,es;q=0.9
Connection:                keep-alive
Cookie:                    __utmz=111872281.1545240100.1.1.utmcsr=(direct)|utmccn=(direct)|utmcmd=(none); __utmc=111872281; PHPSESSID=5d639c1817dcf2d3b4c1a7a2ddf64868; _ga=GA1.1.1576083294.1545240100; __qca=P0-1088225960-1545665011151; __utma=111872281.1576083294.1545240100.1545839376.1545848657.18; __utmt=1; __utmb=111872281.9.10.1545848657
Host:                      localhost:8080
Referer:                   http://localhost:8080/customers/
Upgrade-Insecure-Requests: 1
User-Agent:                Mozilla/5.0 (Windows NT 10.0; Win64; x64) AppleWebKit/537.36 (KHTML, like Gecko) Chrome/71.0.3578.98 Safari/537.36
X-Php-Ob-Level:            1
Cookie: __utmz=111872281.1545240100.1.1.utmcsr=(direct)|utmccn=(direct)|utmcmd=(none); __utmc=111872281; PHPSESSID=5d639c1817dcf2d3b4c1a7a2ddf64868; _ga=GA1.1.1576083294.1545240100; __qca=P0-1088225960-1545665011151; __utma=111872281.1576083294.1545240100.1545839376.1545848657.18; __utmt=1; __utmb=111872281.9.10.1545848657

Form: {}/nRequest: POST /customers/new HTTP/1.1
Accept:                    text/html,application/xhtml+xml,application/xml;q=0.9,image/webp,image/apng,*/*;q=0.8
Accept-Encoding:           gzip, deflate, br
Accept-Language:           es-ES,es;q=0.9
Cache-Control:             max-age=0
Connection:                keep-alive
Content-Length:            117
Content-Type:              application/x-www-form-urlencoded
Cookie:                    __utmz=111872281.1545240100.1.1.utmcsr=(direct)|utmccn=(direct)|utmcmd=(none); __utmc=111872281; PHPSESSID=5d639c1817dcf2d3b4c1a7a2ddf64868; _ga=GA1.1.1576083294.1545240100; __qca=P0-1088225960-1545665011151; __utma=111872281.1576083294.1545240100.1545839376.1545848657.18; __utmt=1; __utmb=111872281.9.10.1545848657
Host:                      localhost:8080
Origin:                    http://localhost:8080
Referer:                   http://localhost:8080/customers/new
Upgrade-Insecure-Requests: 1
User-Agent:                Mozilla/5.0 (Windows NT 10.0; Win64; x64) AppleWebKit/537.36 (KHTML, like Gecko) Chrome/71.0.3578.98 Safari/537.36
X-Php-Ob-Level:            1
Cookie: __utmz=111872281.1545240100.1.1.utmcsr=(direct)|utmccn=(direct)|utmcmd=(none); __utmc=111872281; PHPSESSID=5d639c1817dcf2d3b4c1a7a2ddf64868; _ga=GA1.1.1576083294.1545240100; __qca=P0-1088225960-1545665011151; __utma=111872281.1576083294.1545240100.1545839376.1545848657.18; __utmt=1; __utmb=111872281.9.10.1545848657

customers1%5BfirstName%5D=asdasd&customers1%5BlastName%5D=asda&customers1%5Bemail%5D=asda&customers1%5Bdocid%5D=asdsaForm: {}/nRequest: POST /customers/new HTTP/1.1
Accept:                    text/html,application/xhtml+xml,application/xml;q=0.9,image/webp,image/apng,*/*;q=0.8
Accept-Encoding:           gzip, deflate, br
Accept-Language:           es-ES,es;q=0.9
Cache-Control:             max-age=0
Connection:                keep-alive
Content-Length:            117
Content-Type:              application/x-www-form-urlencoded
Cookie:                    __utmz=111872281.1545240100.1.1.utmcsr=(direct)|utmccn=(direct)|utmcmd=(none); __utmc=111872281; PHPSESSID=5d639c1817dcf2d3b4c1a7a2ddf64868; _ga=GA1.1.1576083294.1545240100; __qca=P0-1088225960-1545665011151; __utma=111872281.1576083294.1545240100.1545839376.1545848657.18; __utmt=1; __utmb=111872281.9.10.1545848657
Host:                      localhost:8080
Origin:                    http://localhost:8080
Referer:                   http://localhost:8080/customers/new
Upgrade-Insecure-Requests: 1
User-Agent:                Mozilla/5.0 (Windows NT 10.0; Win64; x64) AppleWebKit/537.36 (KHTML, like Gecko) Chrome/71.0.3578.98 Safari/537.36
X-Php-Ob-Level:            1
Cookie: __utmz=111872281.1545240100.1.1.utmcsr=(direct)|utmccn=(direct)|utmcmd=(none); __utmc=111872281; PHPSESSID=5d639c1817dcf2d3b4c1a7a2ddf64868; _ga=GA1.1.1576083294.1545240100; __qca=P0-1088225960-1545665011151; __utma=111872281.1576083294.1545240100.1545839376.1545848657.18; __utmt=1; __utmb=111872281.9.10.1545848657

customers1%5BfirstName%5D=asdasd&customers1%5BlastName%5D=asda&customers1%5Bemail%5D=asda&customers1%5Bdocid%5D=asdsaForm: {}/nRequest: POST /customers/new HTTP/1.1
Accept:                    text/html,application/xhtml+xml,application/xml;q=0.9,image/webp,image/apng,*/*;q=0.8
Accept-Encoding:           gzip, deflate, br
Accept-Language:           es-ES,es;q=0.9
Cache-Control:             max-age=0
Connection:                keep-alive
Content-Length:            119
Content-Type:              application/x-www-form-urlencoded
Cookie:                    __utmz=111872281.1545240100.1.1.utmcsr=(direct)|utmccn=(direct)|utmcmd=(none); __utmc=111872281; PHPSESSID=5d639c1817dcf2d3b4c1a7a2ddf64868; _ga=GA1.1.1576083294.1545240100; __qca=P0-1088225960-1545665011151; __utma=111872281.1576083294.1545240100.1545839376.1545848657.18; __utmt=1; __utmb=111872281.9.10.1545848657
Host:                      localhost:8080
Origin:                    http://localhost:8080
Referer:                   http://localhost:8080/customers/new
Upgrade-Insecure-Requests: 1
User-Agent:                Mozilla/5.0 (Windows NT 10.0; Win64; x64) AppleWebKit/537.36 (KHTML, like Gecko) Chrome/71.0.3578.98 Safari/537.36
X-Php-Ob-Level:            1
Cookie: __utmz=111872281.1545240100.1.1.utmcsr=(direct)|utmccn=(direct)|utmcmd=(none); __utmc=111872281; PHPSESSID=5d639c1817dcf2d3b4c1a7a2ddf64868; _ga=GA1.1.1576083294.1545240100; __qca=P0-1088225960-1545665011151; __utma=111872281.1576083294.1545240100.1545839376.1545848657.18; __utmt=1; __utmb=111872281.9.10.1545848657

customers1%5BfirstName%5D=asdasd&customers1%5BlastName%5D=asda&customers1%5Bemail%5D=asda11&customers1%5Bdocid%5D=asdsaForm: {}/nRequest: POST /customers/post HTTP/1.1
Accept:           */*
Accept-Encoding:  gzip, deflate, br
Accept-Language:  es-ES,es;q=0.9
Connection:       keep-alive
Content-Length:   121
Content-Type:     application/x-www-form-urlencoded; charset=UTF-8
Cookie:           __utmz=111872281.1545240100.1.1.utmcsr=(direct)|utmccn=(direct)|utmcmd=(none); __utmc=111872281; PHPSESSID=5d639c1817dcf2d3b4c1a7a2ddf64868; _ga=GA1.1.1576083294.1545240100; __qca=P0-1088225960-1545665011151; __utma=111872281.1576083294.1545240100.1545839376.1545848657.18; __utmt=1; __utmb=111872281.10.10.1545848657
Host:             localhost:8080
Origin:           http://localhost:8080
Referer:          http://localhost:8080/
User-Agent:       Mozilla/5.0 (Windows NT 10.0; Win64; x64) AppleWebKit/537.36 (KHTML, like Gecko) Chrome/71.0.3578.98 Safari/537.36
X-Php-Ob-Level:   1
X-Requested-With: XMLHttpRequest
Cookie: __utmz=111872281.1545240100.1.1.utmcsr=(direct)|utmccn=(direct)|utmcmd=(none); __utmc=111872281; PHPSESSID=5d639c1817dcf2d3b4c1a7a2ddf64868; _ga=GA1.1.1576083294.1545240100; __qca=P0-1088225960-1545665011151; __utma=111872281.1576083294.1545240100.1545839376.1545848657.18; __utmt=1; __utmb=111872281.10.10.1545848657

customers1%5BfirstName%5D=asdasd&customers1%5BlastName%5D=asda&customers1%5Bemail%5D=asda2311&customers1%5Bdocid%5D=asdsaForm: {}/nRequest: POST /customers/post HTTP/1.1
Accept:           */*
Accept-Encoding:  gzip, deflate, br
Accept-Language:  es-ES,es;q=0.9
Connection:       keep-alive
Content-Length:   121
Content-Type:     application/x-www-form-urlencoded; charset=UTF-8
Cookie:           __utmz=111872281.1545240100.1.1.utmcsr=(direct)|utmccn=(direct)|utmcmd=(none); __utmc=111872281; PHPSESSID=5d639c1817dcf2d3b4c1a7a2ddf64868; _ga=GA1.1.1576083294.1545240100; __qca=P0-1088225960-1545665011151; __utma=111872281.1576083294.1545240100.1545839376.1545848657.18; __utmt=1; __utmb=111872281.11.10.1545848657
Host:             localhost:8080
Origin:           http://localhost:8080
Referer:          http://localhost:8080/
User-Agent:       Mozilla/5.0 (Windows NT 10.0; Win64; x64) AppleWebKit/537.36 (KHTML, like Gecko) Chrome/71.0.3578.98 Safari/537.36
X-Php-Ob-Level:   1
X-Requested-With: XMLHttpRequest
Cookie: __utmz=111872281.1545240100.1.1.utmcsr=(direct)|utmccn=(direct)|utmcmd=(none); __utmc=111872281; PHPSESSID=5d639c1817dcf2d3b4c1a7a2ddf64868; _ga=GA1.1.1576083294.1545240100; __qca=P0-1088225960-1545665011151; __utma=111872281.1576083294.1545240100.1545839376.1545848657.18; __utmt=1; __utmb=111872281.11.10.1545848657

customers1%5BfirstName%5D=asdasd&customers1%5BlastName%5D=asda&customers1%5Bemail%5D=asda2311&customers1%5Bdocid%5D=asdsaForm: {}/nRequest: POST /customers/post HTTP/1.1
Accept:           */*
Accept-Encoding:  gzip, deflate, br
Accept-Language:  es-ES,es;q=0.9
Connection:       keep-alive
Content-Length:   121
Content-Type:     application/x-www-form-urlencoded; charset=UTF-8
Cookie:           __utmz=111872281.1545240100.1.1.utmcsr=(direct)|utmccn=(direct)|utmcmd=(none); __utmc=111872281; PHPSESSID=5d639c1817dcf2d3b4c1a7a2ddf64868; _ga=GA1.1.1576083294.1545240100; __qca=P0-1088225960-1545665011151; __utma=111872281.1576083294.1545240100.1545839376.1545848657.18; __utmt=1; __utmb=111872281.15.10.1545848657
Host:             localhost:8080
Origin:           http://localhost:8080
Referer:          http://localhost:8080/
User-Agent:       Mozilla/5.0 (Windows NT 10.0; Win64; x64) AppleWebKit/537.36 (KHTML, like Gecko) Chrome/71.0.3578.98 Safari/537.36
X-Php-Ob-Level:   1
X-Requested-With: XMLHttpRequest
Cookie: __utmz=111872281.1545240100.1.1.utmcsr=(direct)|utmccn=(direct)|utmcmd=(none); __utmc=111872281; PHPSESSID=5d639c1817dcf2d3b4c1a7a2ddf64868; _ga=GA1.1.1576083294.1545240100; __qca=P0-1088225960-1545665011151; __utma=111872281.1576083294.1545240100.1545839376.1545848657.18; __utmt=1; __utmb=111872281.15.10.1545848657

customers1%5BfirstName%5D=asdasd&customers1%5BlastName%5D=asda&customers1%5Bemail%5D=asda2311&customers1%5Bdocid%5D=asdsaForm: {}/nRequest: POST /customers/post HTTP/1.1
Accept:           */*
Accept-Encoding:  gzip, deflate, br
Accept-Language:  es-ES,es;q=0.9
Connection:       keep-alive
Content-Length:   121
Content-Type:     application/x-www-form-urlencoded; charset=UTF-8
Cookie:           __utmz=111872281.1545240100.1.1.utmcsr=(direct)|utmccn=(direct)|utmcmd=(none); __utmc=111872281; PHPSESSID=5d639c1817dcf2d3b4c1a7a2ddf64868; _ga=GA1.1.1576083294.1545240100; __qca=P0-1088225960-1545665011151; __utma=111872281.1576083294.1545240100.1545839376.1545848657.18; __utmt=1; __utmb=111872281.15.10.1545848657
Host:             localhost:8080
Origin:           http://localhost:8080
Referer:          http://localhost:8080/
User-Agent:       Mozilla/5.0 (Windows NT 10.0; Win64; x64) AppleWebKit/537.36 (KHTML, like Gecko) Chrome/71.0.3578.98 Safari/537.36
X-Php-Ob-Level:   1
X-Requested-With: XMLHttpRequest
Cookie: __utmz=111872281.1545240100.1.1.utmcsr=(direct)|utmccn=(direct)|utmcmd=(none); __utmc=111872281; PHPSESSID=5d639c1817dcf2d3b4c1a7a2ddf64868; _ga=GA1.1.1576083294.1545240100; __qca=P0-1088225960-1545665011151; __utma=111872281.1576083294.1545240100.1545839376.1545848657.18; __utmt=1; __utmb=111872281.15.10.1545848657

customers1%5BfirstName%5D=asdasd&customers1%5BlastName%5D=asda&customers1%5Bemail%5D=asda2311&customers1%5Bdocid%5D=asdsaForm: {}/nRequest: POST /customers/post HTTP/1.1
Accept:           */*
Accept-Encoding:  gzip, deflate, br
Accept-Language:  es-ES,es;q=0.9
Connection:       keep-alive
Content-Length:   121
Content-Type:     application/x-www-form-urlencoded; charset=UTF-8
Cookie:           __utmz=111872281.1545240100.1.1.utmcsr=(direct)|utmccn=(direct)|utmcmd=(none); __utmc=111872281; PHPSESSID=5d639c1817dcf2d3b4c1a7a2ddf64868; _ga=GA1.1.1576083294.1545240100; __qca=P0-1088225960-1545665011151; __utma=111872281.1576083294.1545240100.1545839376.1545848657.18; __utmt=1; __utmb=111872281.15.10.1545848657
Host:             localhost:8080
Origin:           http://localhost:8080
Referer:          http://localhost:8080/
User-Agent:       Mozilla/5.0 (Windows NT 10.0; Win64; x64) AppleWebKit/537.36 (KHTML, like Gecko) Chrome/71.0.3578.98 Safari/537.36
X-Php-Ob-Level:   1
X-Requested-With: XMLHttpRequest
Cookie: __utmz=111872281.1545240100.1.1.utmcsr=(direct)|utmccn=(direct)|utmcmd=(none); __utmc=111872281; PHPSESSID=5d639c1817dcf2d3b4c1a7a2ddf64868; _ga=GA1.1.1576083294.1545240100; __qca=P0-1088225960-1545665011151; __utma=111872281.1576083294.1545240100.1545839376.1545848657.18; __utmt=1; __utmb=111872281.15.10.1545848657

customers1%5BfirstName%5D=asdasd&customers1%5BlastName%5D=asda&customers1%5Bemail%5D=asda2311&customers1%5Bdocid%5D=asdsaForm: {}/nRequest: POST /customers/post HTTP/1.1
Accept:           */*
Accept-Encoding:  gzip, deflate, br
Accept-Language:  es-ES,es;q=0.9
Connection:       keep-alive
Content-Length:   121
Content-Type:     application/x-www-form-urlencoded; charset=UTF-8
Cookie:           __utmz=111872281.1545240100.1.1.utmcsr=(direct)|utmccn=(direct)|utmcmd=(none); __utmc=111872281; PHPSESSID=5d639c1817dcf2d3b4c1a7a2ddf64868; _ga=GA1.1.1576083294.1545240100; __qca=P0-1088225960-1545665011151; __utma=111872281.1576083294.1545240100.1545839376.1545848657.18; __utmt=1; __utmb=111872281.15.10.1545848657
Host:             localhost:8080
Origin:           http://localhost:8080
Referer:          http://localhost:8080/
User-Agent:       Mozilla/5.0 (Windows NT 10.0; Win64; x64) AppleWebKit/537.36 (KHTML, like Gecko) Chrome/71.0.3578.98 Safari/537.36
X-Php-Ob-Level:   1
X-Requested-With: XMLHttpRequest
Cookie: __utmz=111872281.1545240100.1.1.utmcsr=(direct)|utmccn=(direct)|utmcmd=(none); __utmc=111872281; PHPSESSID=5d639c1817dcf2d3b4c1a7a2ddf64868; _ga=GA1.1.1576083294.1545240100; __qca=P0-1088225960-1545665011151; __utma=111872281.1576083294.1545240100.1545839376.1545848657.18; __utmt=1; __utmb=111872281.15.10.1545848657

customers1%5BfirstName%5D=asdasd&customers1%5BlastName%5D=asda&customers1%5Bemail%5D=asda2311&customers1%5Bdocid%5D=asdsaForm: {}/nRequest: POST /customers/post HTTP/1.1
Accept:           */*
Accept-Encoding:  gzip, deflate, br
Accept-Language:  es-ES,es;q=0.9
Connection:       keep-alive
Content-Length:   121
Content-Type:     application/x-www-form-urlencoded; charset=UTF-8
Cookie:           __utmz=111872281.1545240100.1.1.utmcsr=(direct)|utmccn=(direct)|utmcmd=(none); __utmc=111872281; PHPSESSID=5d639c1817dcf2d3b4c1a7a2ddf64868; _ga=GA1.1.1576083294.1545240100; __qca=P0-1088225960-1545665011151; __utma=111872281.1576083294.1545240100.1545839376.1545848657.18; __utmt=1; __utmb=111872281.15.10.1545848657
Host:             localhost:8080
Origin:           http://localhost:8080
Referer:          http://localhost:8080/
User-Agent:       Mozilla/5.0 (Windows NT 10.0; Win64; x64) AppleWebKit/537.36 (KHTML, like Gecko) Chrome/71.0.3578.98 Safari/537.36
X-Php-Ob-Level:   1
X-Requested-With: XMLHttpRequest
Cookie: __utmz=111872281.1545240100.1.1.utmcsr=(direct)|utmccn=(direct)|utmcmd=(none); __utmc=111872281; PHPSESSID=5d639c1817dcf2d3b4c1a7a2ddf64868; _ga=GA1.1.1576083294.1545240100; __qca=P0-1088225960-1545665011151; __utma=111872281.1576083294.1545240100.1545839376.1545848657.18; __utmt=1; __utmb=111872281.15.10.1545848657

customers1%5BfirstName%5D=asdasd&customers1%5BlastName%5D=asda&customers1%5Bemail%5D=asda2311&customers1%5Bdocid%5D=asdsaForm: {}/nRequest: GET /customers/new HTTP/1.1
Accept:                    text/html,application/xhtml+xml,application/xml;q=0.9,image/webp,image/apng,*/*;q=0.8
Accept-Encoding:           gzip, deflate, br
Accept-Language:           es-ES,es;q=0.9
Connection:                keep-alive
Cookie:                    __utmz=111872281.1545240100.1.1.utmcsr=(direct)|utmccn=(direct)|utmcmd=(none); __utmc=111872281; PHPSESSID=5d639c1817dcf2d3b4c1a7a2ddf64868; _ga=GA1.1.1576083294.1545240100; __qca=P0-1088225960-1545665011151; __utma=111872281.1576083294.1545240100.1545839376.1545848657.18; __utmt=1; __utmb=111872281.16.10.1545848657
Host:                      localhost:8080
Upgrade-Insecure-Requests: 1
User-Agent:                Mozilla/5.0 (Windows NT 10.0; Win64; x64) AppleWebKit/537.36 (KHTML, like Gecko) Chrome/71.0.3578.98 Safari/537.36
X-Php-Ob-Level:            1
Cookie: __utmz=111872281.1545240100.1.1.utmcsr=(direct)|utmccn=(direct)|utmcmd=(none); __utmc=111872281; PHPSESSID=5d639c1817dcf2d3b4c1a7a2ddf64868; _ga=GA1.1.1576083294.1545240100; __qca=P0-1088225960-1545665011151; __utma=111872281.1576083294.1545240100.1545839376.1545848657.18; __utmt=1; __utmb=111872281.16.10.1545848657

Form: {}/nRequest: GET /customers/new HTTP/1.1
Accept:                    text/html,application/xhtml+xml,application/xml;q=0.9,image/webp,image/apng,*/*;q=0.8
Accept-Encoding:           gzip, deflate, br
Accept-Language:           es-ES,es;q=0.9
Cache-Control:             max-age=0
Connection:                keep-alive
Cookie:                    __utmz=111872281.1545240100.1.1.utmcsr=(direct)|utmccn=(direct)|utmcmd=(none); __utmc=111872281; PHPSESSID=5d639c1817dcf2d3b4c1a7a2ddf64868; _ga=GA1.1.1576083294.1545240100; __qca=P0-1088225960-1545665011151; __utma=111872281.1576083294.1545240100.1545839376.1545848657.18; __utmb=111872281.17.10.1545848657
Host:                      localhost:8080
Referer:                   http://localhost:8080/customers/
Upgrade-Insecure-Requests: 1
User-Agent:                Mozilla/5.0 (Windows NT 10.0; Win64; x64) AppleWebKit/537.36 (KHTML, like Gecko) Chrome/71.0.3578.98 Safari/537.36
X-Php-Ob-Level:            1
Cookie: __utmz=111872281.1545240100.1.1.utmcsr=(direct)|utmccn=(direct)|utmcmd=(none); __utmc=111872281; PHPSESSID=5d639c1817dcf2d3b4c1a7a2ddf64868; _ga=GA1.1.1576083294.1545240100; __qca=P0-1088225960-1545665011151; __utma=111872281.1576083294.1545240100.1545839376.1545848657.18; __utmb=111872281.17.10.1545848657

Form: {}/nRequest: GET /customers/new HTTP/1.1
Accept:                    text/html,application/xhtml+xml,application/xml;q=0.9,image/webp,image/apng,*/*;q=0.8
Accept-Encoding:           gzip, deflate, br
Accept-Language:           es-ES,es;q=0.9
Cache-Control:             max-age=0
Connection:                keep-alive
Cookie:                    __utmz=111872281.1545240100.1.1.utmcsr=(direct)|utmccn=(direct)|utmcmd=(none); __utmc=111872281; PHPSESSID=5d639c1817dcf2d3b4c1a7a2ddf64868; _ga=GA1.1.1576083294.1545240100; __qca=P0-1088225960-1545665011151; __utma=111872281.1576083294.1545240100.1545839376.1545848657.18; __utmt=1; __utmb=111872281.19.10.1545848657
Host:                      localhost:8080
Referer:                   http://localhost:8080/customers/
Upgrade-Insecure-Requests: 1
User-Agent:                Mozilla/5.0 (Windows NT 10.0; Win64; x64) AppleWebKit/537.36 (KHTML, like Gecko) Chrome/71.0.3578.98 Safari/537.36
X-Php-Ob-Level:            1
Cookie: __utmz=111872281.1545240100.1.1.utmcsr=(direct)|utmccn=(direct)|utmcmd=(none); __utmc=111872281; PHPSESSID=5d639c1817dcf2d3b4c1a7a2ddf64868; _ga=GA1.1.1576083294.1545240100; __qca=P0-1088225960-1545665011151; __utma=111872281.1576083294.1545240100.1545839376.1545848657.18; __utmt=1; __utmb=111872281.19.10.1545848657

Form: {}/nRequest: GET /customers/new HTTP/1.1
Accept:                    text/html,application/xhtml+xml,application/xml;q=0.9,image/webp,image/apng,*/*;q=0.8
Accept-Encoding:           gzip, deflate, br
Accept-Language:           es-ES,es;q=0.9
Cache-Control:             max-age=0
Connection:                keep-alive
Cookie:                    __utmz=111872281.1545240100.1.1.utmcsr=(direct)|utmccn=(direct)|utmcmd=(none); __utmc=111872281; PHPSESSID=5d639c1817dcf2d3b4c1a7a2ddf64868; _ga=GA1.1.1576083294.1545240100; __qca=P0-1088225960-1545665011151; __utma=111872281.1576083294.1545240100.1545839376.1545848657.18; __utmt=1; __utmb=111872281.19.10.1545848657
Host:                      localhost:8080
Referer:                   http://localhost:8080/customers/
Upgrade-Insecure-Requests: 1
User-Agent:                Mozilla/5.0 (Windows NT 10.0; Win64; x64) AppleWebKit/537.36 (KHTML, like Gecko) Chrome/71.0.3578.98 Safari/537.36
X-Php-Ob-Level:            1
Cookie: __utmz=111872281.1545240100.1.1.utmcsr=(direct)|utmccn=(direct)|utmcmd=(none); __utmc=111872281; PHPSESSID=5d639c1817dcf2d3b4c1a7a2ddf64868; _ga=GA1.1.1576083294.1545240100; __qca=P0-1088225960-1545665011151; __utma=111872281.1576083294.1545240100.1545839376.1545848657.18; __utmt=1; __utmb=111872281.19.10.1545848657

Form: {}/nRequest: GET /customers/new HTTP/1.1
Accept:                    text/html,application/xhtml+xml,application/xml;q=0.9,image/webp,image/apng,*/*;q=0.8
Accept-Encoding:           gzip, deflate, br
Accept-Language:           es-ES,es;q=0.9
Cache-Control:             max-age=0
Connection:                keep-alive
Cookie:                    __utmz=111872281.1545240100.1.1.utmcsr=(direct)|utmccn=(direct)|utmcmd=(none); __utmc=111872281; PHPSESSID=5d639c1817dcf2d3b4c1a7a2ddf64868; _ga=GA1.1.1576083294.1545240100; __qca=P0-1088225960-1545665011151; __utma=111872281.1576083294.1545240100.1545839376.1545848657.18; __utmt=1; __utmb=111872281.19.10.1545848657
Host:                      localhost:8080
Upgrade-Insecure-Requests: 1
User-Agent:                Mozilla/5.0 (Windows NT 10.0; Win64; x64) AppleWebKit/537.36 (KHTML, like Gecko) Chrome/71.0.3578.98 Safari/537.36
X-Php-Ob-Level:            1
Cookie: __utmz=111872281.1545240100.1.1.utmcsr=(direct)|utmccn=(direct)|utmcmd=(none); __utmc=111872281; PHPSESSID=5d639c1817dcf2d3b4c1a7a2ddf64868; _ga=GA1.1.1576083294.1545240100; __qca=P0-1088225960-1545665011151; __utma=111872281.1576083294.1545240100.1545839376.1545848657.18; __utmt=1; __utmb=111872281.19.10.1545848657

Form: {}/nRequest: GET /customers/new HTTP/1.1
Accept:                    text/html,application/xhtml+xml,application/xml;q=0.9,image/webp,image/apng,*/*;q=0.8
Accept-Encoding:           gzip, deflate, br
Accept-Language:           es-ES,es;q=0.9
Cache-Control:             max-age=0
Connection:                keep-alive
Cookie:                    __utmz=111872281.1545240100.1.1.utmcsr=(direct)|utmccn=(direct)|utmcmd=(none); __utmc=111872281; PHPSESSID=5d639c1817dcf2d3b4c1a7a2ddf64868; _ga=GA1.1.1576083294.1545240100; __qca=P0-1088225960-1545665011151; __utma=111872281.1576083294.1545240100.1545839376.1545848657.18; __utmt=1; __utmb=111872281.19.10.1545848657
Host:                      localhost:8080
Upgrade-Insecure-Requests: 1
User-Agent:                Mozilla/5.0 (Windows NT 10.0; Win64; x64) AppleWebKit/537.36 (KHTML, like Gecko) Chrome/71.0.3578.98 Safari/537.36
X-Php-Ob-Level:            1
Cookie: __utmz=111872281.1545240100.1.1.utmcsr=(direct)|utmccn=(direct)|utmcmd=(none); __utmc=111872281; PHPSESSID=5d639c1817dcf2d3b4c1a7a2ddf64868; _ga=GA1.1.1576083294.1545240100; __qca=P0-1088225960-1545665011151; __utma=111872281.1576083294.1545240100.1545839376.1545848657.18; __utmt=1; __utmb=111872281.19.10.1545848657

Form: {}/nRequest: POST /customers/new HTTP/1.1
Accept:                    text/html,application/xhtml+xml,application/xml;q=0.9,image/webp,image/apng,*/*;q=0.8
Accept-Encoding:           gzip, deflate, br
Accept-Language:           es-ES,es;q=0.9
Cache-Control:             max-age=0
Connection:                keep-alive
Content-Length:            116
Content-Type:              application/x-www-form-urlencoded
Cookie:                    __utmz=111872281.1545240100.1.1.utmcsr=(direct)|utmccn=(direct)|utmcmd=(none); __utmc=111872281; PHPSESSID=5d639c1817dcf2d3b4c1a7a2ddf64868; _ga=GA1.1.1576083294.1545240100; __qca=P0-1088225960-1545665011151; __utma=111872281.1576083294.1545240100.1545839376.1545848657.18; __utmt=1; __utmb=111872281.19.10.1545848657
Host:                      localhost:8080
Origin:                    http://localhost:8080
Referer:                   http://localhost:8080/customers/new
Upgrade-Insecure-Requests: 1
User-Agent:                Mozilla/5.0 (Windows NT 10.0; Win64; x64) AppleWebKit/537.36 (KHTML, like Gecko) Chrome/71.0.3578.98 Safari/537.36
X-Php-Ob-Level:            1
Cookie: __utmz=111872281.1545240100.1.1.utmcsr=(direct)|utmccn=(direct)|utmcmd=(none); __utmc=111872281; PHPSESSID=5d639c1817dcf2d3b4c1a7a2ddf64868; _ga=GA1.1.1576083294.1545240100; __qca=P0-1088225960-1545665011151; __utma=111872281.1576083294.1545240100.1545839376.1545848657.18; __utmt=1; __utmb=111872281.19.10.1545848657

customers1%5BfirstName%5D=wqewqe&customers1%5BlastName%5D=asda&customers1%5Bemail%5D=asdsa&customers1%5Bdocid%5D=asdForm: {}/nRequest: POST /customers/new HTTP/1.1
Accept:                    text/html,application/xhtml+xml,application/xml;q=0.9,image/webp,image/apng,*/*;q=0.8
Accept-Encoding:           gzip, deflate, br
Accept-Language:           es-ES,es;q=0.9
Cache-Control:             max-age=0
Connection:                keep-alive
Content-Length:            121
Content-Type:              application/x-www-form-urlencoded
Cookie:                    __utmz=111872281.1545240100.1.1.utmcsr=(direct)|utmccn=(direct)|utmcmd=(none); __utmc=111872281; PHPSESSID=5d639c1817dcf2d3b4c1a7a2ddf64868; _ga=GA1.1.1576083294.1545240100; __qca=P0-1088225960-1545665011151; __utma=111872281.1576083294.1545240100.1545839376.1545848657.18; __utmt=1; __utmb=111872281.19.10.1545848657
Host:                      localhost:8080
Origin:                    http://localhost:8080
Referer:                   http://localhost:8080/customers/new
Upgrade-Insecure-Requests: 1
User-Agent:                Mozilla/5.0 (Windows NT 10.0; Win64; x64) AppleWebKit/537.36 (KHTML, like Gecko) Chrome/71.0.3578.98 Safari/537.36
X-Php-Ob-Level:            1
Cookie: __utmz=111872281.1545240100.1.1.utmcsr=(direct)|utmccn=(direct)|utmcmd=(none); __utmc=111872281; PHPSESSID=5d639c1817dcf2d3b4c1a7a2ddf64868; _ga=GA1.1.1576083294.1545240100; __qca=P0-1088225960-1545665011151; __utma=111872281.1576083294.1545240100.1545839376.1545848657.18; __utmt=1; __utmb=111872281.19.10.1545848657

customers1%5BfirstName%5D=wqewqe&customers1%5BlastName%5D=asda&customers1%5Bemail%5D=asdsa11212&customers1%5Bdocid%5D=asdForm: {}/nRequest: POST /customers/new HTTP/1.1
Accept:           */*
Accept-Encoding:  gzip, deflate, br
Accept-Language:  es-ES,es;q=0.9
Connection:       keep-alive
Content-Length:   121
Content-Type:     application/x-www-form-urlencoded; charset=UTF-8
Cookie:           __utmz=111872281.1545240100.1.1.utmcsr=(direct)|utmccn=(direct)|utmcmd=(none); __utmc=111872281; PHPSESSID=5d639c1817dcf2d3b4c1a7a2ddf64868; _ga=GA1.1.1576083294.1545240100; __qca=P0-1088225960-1545665011151; __utma=111872281.1576083294.1545240100.1545839376.1545848657.18; __utmt=1; __utmb=111872281.20.10.1545848657
Host:             localhost:8080
Origin:           http://localhost:8080
Referer:          http://localhost:8080/
User-Agent:       Mozilla/5.0 (Windows NT 10.0; Win64; x64) AppleWebKit/537.36 (KHTML, like Gecko) Chrome/71.0.3578.98 Safari/537.36
X-Php-Ob-Level:   1
X-Requested-With: XMLHttpRequest
Cookie: __utmz=111872281.1545240100.1.1.utmcsr=(direct)|utmccn=(direct)|utmcmd=(none); __utmc=111872281; PHPSESSID=5d639c1817dcf2d3b4c1a7a2ddf64868; _ga=GA1.1.1576083294.1545240100; __qca=P0-1088225960-1545665011151; __utma=111872281.1576083294.1545240100.1545839376.1545848657.18; __utmt=1; __utmb=111872281.20.10.1545848657

customers1%5BfirstName%5D=asdasd&customers1%5BlastName%5D=asda&customers1%5Bemail%5D=asda2311&customers1%5Bdocid%5D=asdsaForm: {}/nRequest: GET /customers/new HTTP/1.1
Accept:                    text/html,application/xhtml+xml,application/xml;q=0.9,image/webp,image/apng,*/*;q=0.8
Accept-Encoding:           gzip, deflate, br
Accept-Language:           es-ES,es;q=0.9
Connection:                keep-alive
Cookie:                    __utmz=111872281.1545240100.1.1.utmcsr=(direct)|utmccn=(direct)|utmcmd=(none); __utmc=111872281; PHPSESSID=5d639c1817dcf2d3b4c1a7a2ddf64868; _ga=GA1.1.1576083294.1545240100; __qca=P0-1088225960-1545665011151; __utma=111872281.1576083294.1545240100.1545839376.1545848657.18; __utmb=111872281.20.10.1545848657
Host:                      localhost:8080
Referer:                   http://localhost:8080/customers/
Upgrade-Insecure-Requests: 1
User-Agent:                Mozilla/5.0 (Windows NT 10.0; Win64; x64) AppleWebKit/537.36 (KHTML, like Gecko) Chrome/71.0.3578.98 Safari/537.36
X-Php-Ob-Level:            1
Cookie: __utmz=111872281.1545240100.1.1.utmcsr=(direct)|utmccn=(direct)|utmcmd=(none); __utmc=111872281; PHPSESSID=5d639c1817dcf2d3b4c1a7a2ddf64868; _ga=GA1.1.1576083294.1545240100; __qca=P0-1088225960-1545665011151; __utma=111872281.1576083294.1545240100.1545839376.1545848657.18; __utmb=111872281.20.10.1545848657

Form: {}/nRequest: POST /customers/post HTTP/1.1
Accept:           */*
Accept-Encoding:  gzip, deflate, br
Accept-Language:  es-ES,es;q=0.9
Connection:       keep-alive
Content-Length:   189
Content-Type:     application/x-www-form-urlencoded; charset=UTF-8
Cookie:           __utmz=111872281.1545240100.1.1.utmcsr=(direct)|utmccn=(direct)|utmcmd=(none); __utmc=111872281; PHPSESSID=5d639c1817dcf2d3b4c1a7a2ddf64868; _ga=GA1.1.1576083294.1545240100; __qca=P0-1088225960-1545665011151; __utma=111872281.1576083294.1545240100.1545839376.1545848657.18; __utmt=1; __utmb=111872281.25.10.1545848657
Host:             localhost:8080
Origin:           http://localhost:8080
Referer:          http://localhost:8080/
User-Agent:       Mozilla/5.0 (Windows NT 10.0; Win64; x64) AppleWebKit/537.36 (KHTML, like Gecko) Chrome/71.0.3578.98 Safari/537.36
X-Php-Ob-Level:   1
X-Requested-With: XMLHttpRequest
Cookie: __utmz=111872281.1545240100.1.1.utmcsr=(direct)|utmccn=(direct)|utmcmd=(none); __utmc=111872281; PHPSESSID=5d639c1817dcf2d3b4c1a7a2ddf64868; _ga=GA1.1.1576083294.1545240100; __qca=P0-1088225960-1545665011151; __utma=111872281.1576083294.1545240100.1545839376.1545848657.18; __utmt=1; __utmb=111872281.25.10.1545848657

customers1%5BfirstName%5D=asdsad&customers1%5BlastName%5D=asdsad&customers1%5Bemail%5D=asdasd&customers1%5Bdocid%5D=asdsad&customers1%5B_token%5D=xllhGWsZ5b4LaK6UTm0Ab2uNRBFXmEvrDX6IH2mqM_AForm: {}/nRequest: GET /customers/new HTTP/1.1
Accept:                    text/html,application/xhtml+xml,application/xml;q=0.9,image/webp,image/apng,*/*;q=0.8
Accept-Encoding:           gzip, deflate, br
Accept-Language:           es-ES,es;q=0.9
Connection:                keep-alive
Cookie:                    __utmz=111872281.1545240100.1.1.utmcsr=(direct)|utmccn=(direct)|utmcmd=(none); __utmc=111872281; PHPSESSID=5d639c1817dcf2d3b4c1a7a2ddf64868; _ga=GA1.1.1576083294.1545240100; __qca=P0-1088225960-1545665011151; __utma=111872281.1576083294.1545240100.1545839376.1545848657.18; __utmt=1; __utmb=111872281.26.10.1545848657
Host:                      localhost:8080
Referer:                   http://localhost:8080/customers/
Upgrade-Insecure-Requests: 1
User-Agent:                Mozilla/5.0 (Windows NT 10.0; Win64; x64) AppleWebKit/537.36 (KHTML, like Gecko) Chrome/71.0.3578.98 Safari/537.36
X-Php-Ob-Level:            1
Cookie: __utmz=111872281.1545240100.1.1.utmcsr=(direct)|utmccn=(direct)|utmcmd=(none); __utmc=111872281; PHPSESSID=5d639c1817dcf2d3b4c1a7a2ddf64868; _ga=GA1.1.1576083294.1545240100; __qca=P0-1088225960-1545665011151; __utma=111872281.1576083294.1545240100.1545839376.1545848657.18; __utmt=1; __utmb=111872281.26.10.1545848657

Form: {}/nRequest: POST /customers/post HTTP/1.1
Accept:           */*
Accept-Encoding:  gzip, deflate, br
Accept-Language:  es-ES,es;q=0.9
Connection:       keep-alive
Content-Length:   193
Content-Type:     application/x-www-form-urlencoded; charset=UTF-8
Cookie:           __utmz=111872281.1545240100.1.1.utmcsr=(direct)|utmccn=(direct)|utmcmd=(none); __utmc=111872281; PHPSESSID=5d639c1817dcf2d3b4c1a7a2ddf64868; _ga=GA1.1.1576083294.1545240100; __qca=P0-1088225960-1545665011151; __utma=111872281.1576083294.1545240100.1545839376.1545848657.18; __utmt=1; __utmb=111872281.27.10.1545848657
Host:             localhost:8080
Origin:           http://localhost:8080
Referer:          http://localhost:8080/
User-Agent:       Mozilla/5.0 (Windows NT 10.0; Win64; x64) AppleWebKit/537.36 (KHTML, like Gecko) Chrome/71.0.3578.98 Safari/537.36
X-Php-Ob-Level:   1
X-Requested-With: XMLHttpRequest
Cookie: __utmz=111872281.1545240100.1.1.utmcsr=(direct)|utmccn=(direct)|utmcmd=(none); __utmc=111872281; PHPSESSID=5d639c1817dcf2d3b4c1a7a2ddf64868; _ga=GA1.1.1576083294.1545240100; __qca=P0-1088225960-1545665011151; __utma=111872281.1576083294.1545240100.1545839376.1545848657.18; __utmt=1; __utmb=111872281.27.10.1545848657

customers1%5BfirstName%5D=qweqweqw%7C&customers1%5BlastName%5D=asdsd&customers1%5Bemail%5D=asdsad&customers1%5Bdocid%5D=321323&customers1%5B_token%5D=xllhGWsZ5b4LaK6UTm0Ab2uNRBFXmEvrDX6IH2mqM_AForm: {}/nRequest: POST /customers/post HTTP/1.1
Accept:           */*
Accept-Encoding:  gzip, deflate, br
Accept-Language:  es-ES,es;q=0.9
Connection:       keep-alive
Content-Length:   193
Content-Type:     application/x-www-form-urlencoded; charset=UTF-8
Cookie:           __utmz=111872281.1545240100.1.1.utmcsr=(direct)|utmccn=(direct)|utmcmd=(none); __utmc=111872281; PHPSESSID=5d639c1817dcf2d3b4c1a7a2ddf64868; _ga=GA1.1.1576083294.1545240100; __qca=P0-1088225960-1545665011151; __utma=111872281.1576083294.1545240100.1545839376.1545848657.18; __utmb=111872281.27.10.1545848657
Host:             localhost:8080
Origin:           http://localhost:8080
Referer:          http://localhost:8080/
User-Agent:       Mozilla/5.0 (Windows NT 10.0; Win64; x64) AppleWebKit/537.36 (KHTML, like Gecko) Chrome/71.0.3578.98 Safari/537.36
X-Php-Ob-Level:   1
X-Requested-With: XMLHttpRequest
Cookie: __utmz=111872281.1545240100.1.1.utmcsr=(direct)|utmccn=(direct)|utmcmd=(none); __utmc=111872281; PHPSESSID=5d639c1817dcf2d3b4c1a7a2ddf64868; _ga=GA1.1.1576083294.1545240100; __qca=P0-1088225960-1545665011151; __utma=111872281.1576083294.1545240100.1545839376.1545848657.18; __utmb=111872281.27.10.1545848657

customers1%5BfirstName%5D=qweqweqw%7C&customers1%5BlastName%5D=asdsd&customers1%5Bemail%5D=asdsad&customers1%5Bdocid%5D=321323&customers1%5B_token%5D=xllhGWsZ5b4LaK6UTm0Ab2uNRBFXmEvrDX6IH2mqM_AForm: {}/nRequest: GET /customers/new HTTP/1.0
Connection:     close
Host:           localhost:8080
X-Php-Ob-Level: 1

Form: {}/nRequest: GET /customers/new HTTP/1.0
Connection:     close
Host:           localhost:8080
X-Php-Ob-Level: 1

Form: {}/nRequest: GET /customers/new HTTP/1.0
Connection:     close
Host:           localhost:8080
X-Php-Ob-Level: 1

Form: {}/nRequest: GET /customers/new HTTP/1.0
Connection:     close
Host:           localhost:8080
X-Php-Ob-Level: 1

Form: {}/nRequest: GET /customers/new HTTP/1.0
Connection:     close
Host:           localhost:8080
X-Php-Ob-Level: 1

Form: {}/nRequest: GET /customers/new HTTP/1.0
Connection:     close
Host:           localhost:8080
X-Php-Ob-Level: 1

Form: {}/nRequest: GET /customers/new HTTP/1.0
Connection:     close
Host:           localhost:8080
X-Php-Ob-Level: 1

Form: {}/nRequest: GET /customers/new HTTP/1.0
Connection:     close
Host:           localhost:8080
X-Php-Ob-Level: 1

Form: {}/nRequest: GET /customers/new HTTP/1.0
Connection:     close
Host:           localhost:8080
X-Php-Ob-Level: 1

Form: {}/nRequest: GET /customers/new HTTP/1.0
Connection:     close
Host:           localhost:8080
X-Php-Ob-Level: 1

Form: {}/nRequest: GET /customers/new HTTP/1.0
Connection:     close
Host:           localhost:8080
X-Php-Ob-Level: 1

Form: {}/nRequest: GET /customers/new HTTP/1.0
Connection:     close
Host:           localhost:8080
X-Php-Ob-Level: 1

Form: {}/nRequest: GET /customers/new HTTP/1.0
Connection:     close
Host:           localhost:8080
X-Php-Ob-Level: 1

Form: {}/nRequest: GET /customers/new HTTP/1.0
Connection:     close
Host:           localhost:8080
X-Php-Ob-Level: 1

Form: {}/nRequest: GET /customers/new HTTP/1.0
Connection:     close
Host:           localhost:8080
X-Php-Ob-Level: 1

Form: {}/nRequest: GET /customers/new HTTP/1.0
Connection:     close
Host:           localhost:8080
X-Php-Ob-Level: 1

Form: {}/nRequest: GET /customers/new HTTP/1.0
Connection:     close
Host:           localhost:8080
X-Php-Ob-Level: 1

Form: {}/nRequest: GET /customers/new HTTP/1.0
Connection:     close
Host:           localhost:8080
X-Php-Ob-Level: 1

Form: {}/nRequest: GET /customers/new HTTP/1.0
Connection:     close
Host:           localhost:8080
X-Php-Ob-Level: 1

Form: {}/nRequest: GET /customers/new HTTP/1.0
Connection:     close
Host:           localhost:8080
X-Php-Ob-Level: 1

Form: {}/nRequest: GET /customers/new HTTP/1.0
Connection:     close
Host:           localhost:8080
X-Php-Ob-Level: 1

Form: {}/nRequest: GET /customers/new HTTP/1.0
Connection:     close
Host:           localhost:8080
X-Php-Ob-Level: 1

Form: {}/nRequest: GET /customers/new HTTP/1.0
Connection:     close
Host:           localhost:8080
X-Php-Ob-Level: 1

Form: {}/nRequest: GET /customers/new HTTP/1.0
Connection:     close
Host:           localhost:8080
X-Php-Ob-Level: 1

Form: {}/nRequest: GET /customers/new HTTP/1.0
Connection:     close
Host:           localhost:8080
X-Php-Ob-Level: 1

Form: {}/nRequest: GET /customers/new HTTP/1.0
Connection:     close
Host:           localhost:8080
X-Php-Ob-Level: 1

Form: {}/nRequest: GET /customers/new HTTP/1.0
Connection:     close
Host:           localhost:8080
X-Php-Ob-Level: 1

Form: {}/nRequest: GET /customers/new HTTP/1.0
Connection:     close
Host:           localhost:8080
X-Php-Ob-Level: 1

Form: {}/nRequest: GET /customers/new HTTP/1.0
Connection:     close
Host:           localhost:8080
X-Php-Ob-Level: 1

Form: {}/nRequest: GET /customers/new HTTP/1.0
Connection:     close
Host:           localhost:8080
X-Php-Ob-Level: 1

Form: {}/nRequest: GET /customers/new HTTP/1.0
Connection:     close
Host:           localhost:8080
X-Php-Ob-Level: 1

Form: {}/nRequest: GET /customers/new HTTP/1.0
Connection:     close
Host:           localhost:8080
X-Php-Ob-Level: 1

Form: {}/nRequest: GET /customers/new HTTP/1.0
Connection:     close
Host:           localhost:8080
X-Php-Ob-Level: 1

Form: {}/nRequest: GET /customers/new HTTP/1.0
Connection:     close
Host:           localhost:8080
X-Php-Ob-Level: 1

Form: {}/nRequest: GET /customers/new HTTP/1.0
Connection:     close
Host:           localhost:8080
X-Php-Ob-Level: 1

Form: {}/nRequest: GET /customers/new HTTP/1.0
Connection:     close
Host:           localhost:8080
X-Php-Ob-Level: 1

Form: {}/nRequest: GET /customers/new HTTP/1.0
Connection:     close
Host:           localhost:8080
X-Php-Ob-Level: 1

Form: {}/nRequest: GET /customers/new HTTP/1.0
Connection:     close
Host:           localhost:8080
X-Php-Ob-Level: 1

Form: {}/nRequest: GET /customers/new HTTP/1.0
Connection:     close
Host:           localhost:8080
X-Php-Ob-Level: 1

Form: {}/nRequest: GET /customers/new HTTP/1.0
Connection:     close
Host:           localhost:8080
X-Php-Ob-Level: 1

Form: {}/nRequest: GET /customers/new HTTP/1.0
Connection:     close
Host:           localhost:8080
X-Php-Ob-Level: 1

Form: {}/nRequest: GET /customers/new HTTP/1.0
Connection:     close
Host:           localhost:8080
X-Php-Ob-Level: 1

Form: {}/nRequest: GET /customers/new HTTP/1.0
Connection:     close
Host:           localhost:8080
X-Php-Ob-Level: 1

Form: {}/nRequest: GET /customers/new HTTP/1.0
Connection:     close
Host:           localhost:8080
X-Php-Ob-Level: 1

Form: {}/nRequest: GET /customers/new HTTP/1.0
Connection:     close
Host:           localhost:8080
X-Php-Ob-Level: 1

Form: {}/nRequest: GET /customers/new HTTP/1.0
Connection:     close
Host:           localhost:8080
X-Php-Ob-Level: 1

Form: {}/nRequest: GET /customers/new HTTP/1.0
Connection:     close
Host:           localhost:8080
X-Php-Ob-Level: 1

