Form: {}/nRequest: POST /customers/post HTTP/1.1
Accept:           */*
Accept-Encoding:  gzip, deflate, br
Accept-Language:  es-ES,es;q=0.9
Connection:       keep-alive
Content-Length:   194
Content-Type:     application/x-www-form-urlencoded; charset=UTF-8
Cookie:           __utmz=111872281.1545240100.1.1.utmcsr=(direct)|utmccn=(direct)|utmcmd=(none); __utma=111872281.1576083294.1545240100.1545426090.1545659413.9; __utmc=111872281; __utmt=1; __utmb=111872281.4.10.1545659413
Host:             localhost:8080
Origin:           http://localhost:8080
Referer:          http://localhost:8080/
User-Agent:       Mozilla/5.0 (Windows NT 10.0; Win64; x64) AppleWebKit/537.36 (KHTML, like Gecko) Chrome/71.0.3578.98 Safari/537.36
X-Php-Ob-Level:   1
X-Requested-With: XMLHttpRequest
Cookie: __utmz=111872281.1545240100.1.1.utmcsr=(direct)|utmccn=(direct)|utmcmd=(none); __utma=111872281.1576083294.1545240100.1545426090.1545659413.9; __utmc=111872281; __utmt=1; __utmb=111872281.4.10.1545659413

customers1%5BfirstName%5D=fran&customers1%5BlastName%5D=ordo&customers1%5Bemail%5D=fran%40gmail.com&customers1%5Bdocid%5D=12321&customers1%5B_token%5D=qUboCPxcz-h9qO1lehbM1ljdFHdmvWv_zyuNvfDQmvoForm: {}/nRequest: POST /customers/post HTTP/1.1
Accept:           */*
Accept-Encoding:  gzip, deflate, br
Accept-Language:  es-ES,es;q=0.9
Connection:       keep-alive
Content-Length:   192
Content-Type:     application/x-www-form-urlencoded; charset=UTF-8
Cookie:           __utmz=111872281.1545240100.1.1.utmcsr=(direct)|utmccn=(direct)|utmcmd=(none); __utma=111872281.1576083294.1545240100.1545426090.1545659413.9; __utmc=111872281; __utmt=1; __utmb=111872281.5.10.1545659413
Host:             localhost:8080
Origin:           http://localhost:8080
Referer:          http://localhost:8080/
User-Agent:       Mozilla/5.0 (Windows NT 10.0; Win64; x64) AppleWebKit/537.36 (KHTML, like Gecko) Chrome/71.0.3578.98 Safari/537.36
X-Php-Ob-Level:   1
X-Requested-With: XMLHttpRequest
Cookie: __utmz=111872281.1545240100.1.1.utmcsr=(direct)|utmccn=(direct)|utmcmd=(none); __utma=111872281.1576083294.1545240100.1545426090.1545659413.9; __utmc=111872281; __utmt=1; __utmb=111872281.5.10.1545659413

customers1%5BfirstName%5D=asdasd&customers1%5BlastName%5D=asdasd&customers1%5Bemail%5D=asdasd&customers1%5Bdocid%5D=213213213&customers1%5B_token%5D=qUboCPxcz-h9qO1lehbM1ljdFHdmvWv_zyuNvfDQmvoForm: {}/nRequest: POST /customers/post HTTP/1.1
Accept:           */*
Accept-Encoding:  gzip, deflate, br
Accept-Language:  es-ES,es;q=0.9
Connection:       keep-alive
Content-Length:   192
Content-Type:     application/x-www-form-urlencoded; charset=UTF-8
Cookie:           __utmz=111872281.1545240100.1.1.utmcsr=(direct)|utmccn=(direct)|utmcmd=(none); __utma=111872281.1576083294.1545240100.1545426090.1545659413.9; __utmc=111872281; __utmt=1; __utmb=111872281.5.10.1545659413
Host:             localhost:8080
Origin:           http://localhost:8080
Referer:          http://localhost:8080/
User-Agent:       Mozilla/5.0 (Windows NT 10.0; Win64; x64) AppleWebKit/537.36 (KHTML, like Gecko) Chrome/71.0.3578.98 Safari/537.36
X-Php-Ob-Level:   1
X-Requested-With: XMLHttpRequest
Cookie: __utmz=111872281.1545240100.1.1.utmcsr=(direct)|utmccn=(direct)|utmcmd=(none); __utma=111872281.1576083294.1545240100.1545426090.1545659413.9; __utmc=111872281; __utmt=1; __utmb=111872281.5.10.1545659413

customers1%5BfirstName%5D=asdasd&customers1%5BlastName%5D=asdasd&customers1%5Bemail%5D=asdasd&customers1%5Bdocid%5D=213213213&customers1%5B_token%5D=qUboCPxcz-h9qO1lehbM1ljdFHdmvWv_zyuNvfDQmvoForm: {}/nRequest: POST /customers/post HTTP/1.1
Accept:           */*
Accept-Encoding:  gzip, deflate, br
Accept-Language:  es-ES,es;q=0.9
Connection:       keep-alive
Content-Length:   192
Content-Type:     application/x-www-form-urlencoded; charset=UTF-8
Cookie:           __utmz=111872281.1545240100.1.1.utmcsr=(direct)|utmccn=(direct)|utmcmd=(none); __utma=111872281.1576083294.1545240100.1545426090.1545659413.9; __utmc=111872281; __utmt=1; __utmb=111872281.5.10.1545659413
Host:             localhost:8080
Origin:           http://localhost:8080
Referer:          http://localhost:8080/
User-Agent:       Mozilla/5.0 (Windows NT 10.0; Win64; x64) AppleWebKit/537.36 (KHTML, like Gecko) Chrome/71.0.3578.98 Safari/537.36
X-Php-Ob-Level:   1
X-Requested-With: XMLHttpRequest
Cookie: __utmz=111872281.1545240100.1.1.utmcsr=(direct)|utmccn=(direct)|utmcmd=(none); __utma=111872281.1576083294.1545240100.1545426090.1545659413.9; __utmc=111872281; __utmt=1; __utmb=111872281.5.10.1545659413

customers1%5BfirstName%5D=asdasd&customers1%5BlastName%5D=asdasd&customers1%5Bemail%5D=asdasd&customers1%5Bdocid%5D=213213213&customers1%5B_token%5D=qUboCPxcz-h9qO1lehbM1ljdFHdmvWv_zyuNvfDQmvoForm: {}/nRequest: POST /customers/post HTTP/1.1
Accept:           */*
Accept-Encoding:  gzip, deflate, br
Accept-Language:  es-ES,es;q=0.9
Connection:       keep-alive
Content-Length:   192
Content-Type:     application/x-www-form-urlencoded; charset=UTF-8
Cookie:           __utmz=111872281.1545240100.1.1.utmcsr=(direct)|utmccn=(direct)|utmcmd=(none); __utma=111872281.1576083294.1545240100.1545426090.1545659413.9; __utmc=111872281; __utmt=1; __utmb=111872281.5.10.1545659413
Host:             localhost:8080
Origin:           http://localhost:8080
Referer:          http://localhost:8080/
User-Agent:       Mozilla/5.0 (Windows NT 10.0; Win64; x64) AppleWebKit/537.36 (KHTML, like Gecko) Chrome/71.0.3578.98 Safari/537.36
X-Php-Ob-Level:   1
X-Requested-With: XMLHttpRequest
Cookie: __utmz=111872281.1545240100.1.1.utmcsr=(direct)|utmccn=(direct)|utmcmd=(none); __utma=111872281.1576083294.1545240100.1545426090.1545659413.9; __utmc=111872281; __utmt=1; __utmb=111872281.5.10.1545659413

customers1%5BfirstName%5D=asdasd&customers1%5BlastName%5D=asdasd&customers1%5Bemail%5D=asdasd&customers1%5Bdocid%5D=213213213&customers1%5B_token%5D=qUboCPxcz-h9qO1lehbM1ljdFHdmvWv_zyuNvfDQmvoForm: {}/nRequest: POST /customers/post HTTP/1.1
Accept:           */*
Accept-Encoding:  gzip, deflate, br
Accept-Language:  es-ES,es;q=0.9
Connection:       keep-alive
Content-Length:   192
Content-Type:     application/x-www-form-urlencoded; charset=UTF-8
Cookie:           __utmz=111872281.1545240100.1.1.utmcsr=(direct)|utmccn=(direct)|utmcmd=(none); __utma=111872281.1576083294.1545240100.1545426090.1545659413.9; __utmc=111872281; __utmt=1; __utmb=111872281.5.10.1545659413
Host:             localhost:8080
Origin:           http://localhost:8080
Referer:          http://localhost:8080/
User-Agent:       Mozilla/5.0 (Windows NT 10.0; Win64; x64) AppleWebKit/537.36 (KHTML, like Gecko) Chrome/71.0.3578.98 Safari/537.36
X-Php-Ob-Level:   1
X-Requested-With: XMLHttpRequest
Cookie: __utmz=111872281.1545240100.1.1.utmcsr=(direct)|utmccn=(direct)|utmcmd=(none); __utma=111872281.1576083294.1545240100.1545426090.1545659413.9; __utmc=111872281; __utmt=1; __utmb=111872281.5.10.1545659413

customers1%5BfirstName%5D=asdasd&customers1%5BlastName%5D=asdasd&customers1%5Bemail%5D=asdasd&customers1%5Bdocid%5D=213213213&customers1%5B_token%5D=qUboCPxcz-h9qO1lehbM1ljdFHdmvWv_zyuNvfDQmvoForm: {}/nRequest: POST /customers/post HTTP/1.1
Accept:           */*
Accept-Encoding:  gzip, deflate, br
Accept-Language:  es-ES,es;q=0.9
Connection:       keep-alive
Content-Length:   234
Content-Type:     application/x-www-form-urlencoded; charset=UTF-8
Cookie:           __utmz=111872281.1545240100.1.1.utmcsr=(direct)|utmccn=(direct)|utmcmd=(none); __utma=111872281.1576083294.1545240100.1545426090.1545659413.9; __utmc=111872281; __utmt=1; __utmb=111872281.6.10.1545659413
Host:             localhost:8080
Origin:           http://localhost:8080
Referer:          http://localhost:8080/
User-Agent:       Mozilla/5.0 (Windows NT 10.0; Win64; x64) AppleWebKit/537.36 (KHTML, like Gecko) Chrome/71.0.3578.98 Safari/537.36
X-Php-Ob-Level:   1
X-Requested-With: XMLHttpRequest
Cookie: __utmz=111872281.1545240100.1.1.utmcsr=(direct)|utmccn=(direct)|utmcmd=(none); __utma=111872281.1576083294.1545240100.1545426090.1545659413.9; __utmc=111872281; __utmt=1; __utmb=111872281.6.10.1545659413

customers1%5BfirstName%5D=ssdsadasdasdasdasdasd&customers1%5BlastName%5D=sdasdasssssddd&customers1%5Bemail%5D=asasas111asdasdad&customers1%5Bdocid%5D=13123213213213111&customers1%5B_token%5D=qUboCPxcz-h9qO1lehbM1ljdFHdmvWv_zyuNvfDQmvoForm: {}/nRequest: POST /customers/post HTTP/1.1
Accept:           */*
Accept-Encoding:  gzip, deflate, br
Accept-Language:  es-ES,es;q=0.9
Connection:       keep-alive
Content-Length:   234
Content-Type:     application/x-www-form-urlencoded; charset=UTF-8
Cookie:           __utmz=111872281.1545240100.1.1.utmcsr=(direct)|utmccn=(direct)|utmcmd=(none); __utma=111872281.1576083294.1545240100.1545426090.1545659413.9; __utmc=111872281; __utmt=1; __utmb=111872281.6.10.1545659413
Host:             localhost:8080
Origin:           http://localhost:8080
Referer:          http://localhost:8080/
User-Agent:       Mozilla/5.0 (Windows NT 10.0; Win64; x64) AppleWebKit/537.36 (KHTML, like Gecko) Chrome/71.0.3578.98 Safari/537.36
X-Php-Ob-Level:   1
X-Requested-With: XMLHttpRequest
Cookie: __utmz=111872281.1545240100.1.1.utmcsr=(direct)|utmccn=(direct)|utmcmd=(none); __utma=111872281.1576083294.1545240100.1545426090.1545659413.9; __utmc=111872281; __utmt=1; __utmb=111872281.6.10.1545659413

customers1%5BfirstName%5D=ssdsadasdasdasdasdasd&customers1%5BlastName%5D=sdasdasssssddd&customers1%5Bemail%5D=asasas111asdasdad&customers1%5Bdocid%5D=13123213213213111&customers1%5B_token%5D=qUboCPxcz-h9qO1lehbM1ljdFHdmvWv_zyuNvfDQmvoForm: {}/nRequest: POST /customers/post HTTP/1.1
Accept:           */*
Accept-Encoding:  gzip, deflate, br
Accept-Language:  es-ES,es;q=0.9
Connection:       keep-alive
Content-Length:   195
Content-Type:     application/x-www-form-urlencoded; charset=UTF-8
Cookie:           __utmz=111872281.1545240100.1.1.utmcsr=(direct)|utmccn=(direct)|utmcmd=(none); __utma=111872281.1576083294.1545240100.1545426090.1545659413.9; __utmc=111872281; __utmt=1; __utmb=111872281.9.10.1545659413
Host:             localhost:8080
Origin:           http://localhost:8080
Referer:          http://localhost:8080/
User-Agent:       Mozilla/5.0 (Windows NT 10.0; Win64; x64) AppleWebKit/537.36 (KHTML, like Gecko) Chrome/71.0.3578.98 Safari/537.36
X-Php-Ob-Level:   1
X-Requested-With: XMLHttpRequest
Cookie: __utmz=111872281.1545240100.1.1.utmcsr=(direct)|utmccn=(direct)|utmcmd=(none); __utma=111872281.1576083294.1545240100.1545426090.1545659413.9; __utmc=111872281; __utmt=1; __utmb=111872281.9.10.1545659413

customers1%5BfirstName%5D=asdasdsa&customers1%5BlastName%5D=asdasd&customers1%5Bemail%5D=asdasd&customers1%5Bdocid%5D=1231231133&customers1%5B_token%5D=qUboCPxcz-h9qO1lehbM1ljdFHdmvWv_zyuNvfDQmvoForm: {}/nRequest: POST /customers/post HTTP/1.1
Accept:           */*
Accept-Encoding:  gzip, deflate, br
Accept-Language:  es-ES,es;q=0.9
Connection:       keep-alive
Content-Length:   195
Content-Type:     application/x-www-form-urlencoded; charset=UTF-8
Cookie:           __utmz=111872281.1545240100.1.1.utmcsr=(direct)|utmccn=(direct)|utmcmd=(none); __utma=111872281.1576083294.1545240100.1545426090.1545659413.9; __utmc=111872281; __utmt=1; __utmb=111872281.9.10.1545659413
Host:             localhost:8080
Origin:           http://localhost:8080
Referer:          http://localhost:8080/
User-Agent:       Mozilla/5.0 (Windows NT 10.0; Win64; x64) AppleWebKit/537.36 (KHTML, like Gecko) Chrome/71.0.3578.98 Safari/537.36
X-Php-Ob-Level:   1
X-Requested-With: XMLHttpRequest
Cookie: __utmz=111872281.1545240100.1.1.utmcsr=(direct)|utmccn=(direct)|utmcmd=(none); __utma=111872281.1576083294.1545240100.1545426090.1545659413.9; __utmc=111872281; __utmt=1; __utmb=111872281.9.10.1545659413

customers1%5BfirstName%5D=asdasdsa&customers1%5BlastName%5D=asdasd&customers1%5Bemail%5D=asdasd&customers1%5Bdocid%5D=1231231133&customers1%5B_token%5D=qUboCPxcz-h9qO1lehbM1ljdFHdmvWv_zyuNvfDQmvoForm: {}/nRequest: GET /customers/new HTTP/1.1
Accept:                    text/html,application/xhtml+xml,application/xml;q=0.9,image/webp,image/apng,*/*;q=0.8
Accept-Encoding:           gzip, deflate, br
Accept-Language:           es-ES,es;q=0.9
Connection:                keep-alive
Cookie:                    __utmz=111872281.1545240100.1.1.utmcsr=(direct)|utmccn=(direct)|utmcmd=(none); __utma=111872281.1576083294.1545240100.1545426090.1545659413.9; __utmc=111872281; __utmt=1; __utmb=111872281.10.10.1545659413
Host:                      localhost:8080
Upgrade-Insecure-Requests: 1
User-Agent:                Mozilla/5.0 (Windows NT 10.0; Win64; x64) AppleWebKit/537.36 (KHTML, like Gecko) Chrome/71.0.3578.98 Safari/537.36
X-Php-Ob-Level:            1
Cookie: __utmz=111872281.1545240100.1.1.utmcsr=(direct)|utmccn=(direct)|utmcmd=(none); __utma=111872281.1576083294.1545240100.1545426090.1545659413.9; __utmc=111872281; __utmt=1; __utmb=111872281.10.10.1545659413

Form: {}/nRequest: POST /customers/post HTTP/1.1
Accept:           */*
Accept-Encoding:  gzip, deflate, br
Accept-Language:  es-ES,es;q=0.9
Connection:       keep-alive
Content-Length:   208
Content-Type:     application/x-www-form-urlencoded; charset=UTF-8
Cookie:           __utmz=111872281.1545240100.1.1.utmcsr=(direct)|utmccn=(direct)|utmcmd=(none); __utma=111872281.1576083294.1545240100.1545426090.1545659413.9; __utmc=111872281; __utmt=1; PHPSESSID=5d639c1817dcf2d3b4c1a7a2ddf64868; __utmb=111872281.11.10.1545659413
Host:             localhost:8080
Origin:           http://localhost:8080
Referer:          http://localhost:8080/
User-Agent:       Mozilla/5.0 (Windows NT 10.0; Win64; x64) AppleWebKit/537.36 (KHTML, like Gecko) Chrome/71.0.3578.98 Safari/537.36
X-Php-Ob-Level:   1
X-Requested-With: XMLHttpRequest
Cookie: __utmz=111872281.1545240100.1.1.utmcsr=(direct)|utmccn=(direct)|utmcmd=(none); __utma=111872281.1576083294.1545240100.1545426090.1545659413.9; __utmc=111872281; __utmt=1; PHPSESSID=5d639c1817dcf2d3b4c1a7a2ddf64868; __utmb=111872281.11.10.1545659413

customers1%5BfirstName%5D=asdasd&customers1%5BlastName%5D=adasdada&customers1%5Bemail%5D=asdsad%40gmail.com&customers1%5Bdocid%5D=21354514141&customers1%5B_token%5D=xllhGWsZ5b4LaK6UTm0Ab2uNRBFXmEvrDX6IH2mqM_AForm: {}/nRequest: GET /customers/new HTTP/1.0
Connection:     close
Host:           localhost:8080
X-Php-Ob-Level: 1

Form: {}/nRequest: GET /customers/new HTTP/1.0
Connection:     close
Host:           localhost:8080
X-Php-Ob-Level: 1

Form: {}/nRequest: GET /customers/new HTTP/1.0
Connection:     close
Host:           localhost:8080
X-Php-Ob-Level: 1

Form: {}/nRequest: GET /customers/new HTTP/1.0
Connection:     close
Host:           localhost:8080
X-Php-Ob-Level: 1

Form: {}/nRequest: GET /customers/new HTTP/1.0
Connection:     close
Host:           localhost:8080
X-Php-Ob-Level: 1

Form: {}/nRequest: GET /customers/new HTTP/1.0
Connection:     close
Host:           localhost:8080
X-Php-Ob-Level: 1

Form: {}/nRequest: GET /customers/new HTTP/1.0
Connection:     close
Host:           localhost:8080
X-Php-Ob-Level: 1

Form: {}/nRequest: GET /customers/new HTTP/1.0
Connection:     close
Host:           localhost:8080
X-Php-Ob-Level: 1

Form: {}/nRequest: GET /customers/new HTTP/1.0
Connection:     close
Host:           localhost:8080
X-Php-Ob-Level: 1

Form: {}/nRequest: GET /customers/new HTTP/1.0
Connection:     close
Host:           localhost:8080
X-Php-Ob-Level: 1

Form: {}/nRequest: GET /customers/new HTTP/1.0
Connection:     close
Host:           localhost:8080
X-Php-Ob-Level: 1

Form: {}/nRequest: GET /customers/new HTTP/1.0
Connection:     close
Host:           localhost:8080
X-Php-Ob-Level: 1

Form: {}/nRequest: GET /customers/new HTTP/1.0
Connection:     close
Host:           localhost:8080
X-Php-Ob-Level: 1

Form: {}/nRequest: GET /customers/new HTTP/1.0
Connection:     close
Host:           localhost:8080
X-Php-Ob-Level: 1

Form: {}/nRequest: GET /customers/new HTTP/1.1
Accept:                    text/html,application/xhtml+xml,application/xml;q=0.9,image/webp,image/apng,*/*;q=0.8
Accept-Encoding:           gzip, deflate, br
Accept-Language:           es-ES,es;q=0.9
Connection:                keep-alive
Cookie:                    __utmz=111872281.1545240100.1.1.utmcsr=(direct)|utmccn=(direct)|utmcmd=(none); __utmc=111872281; PHPSESSID=5d639c1817dcf2d3b4c1a7a2ddf64868; _ga=GA1.1.1576083294.1545240100; _gid=GA1.1.209083629.1545665008; __qca=P0-1088225960-1545665011151; __utma=111872281.1576083294.1545240100.1545665635.1545669133.11; __utmb=111872281.1.10.1545669133
Host:                      localhost:8080
Upgrade-Insecure-Requests: 1
User-Agent:                Mozilla/5.0 (Windows NT 10.0; Win64; x64) AppleWebKit/537.36 (KHTML, like Gecko) Chrome/71.0.3578.98 Safari/537.36
X-Php-Ob-Level:            1
Cookie: __utmz=111872281.1545240100.1.1.utmcsr=(direct)|utmccn=(direct)|utmcmd=(none); __utmc=111872281; PHPSESSID=5d639c1817dcf2d3b4c1a7a2ddf64868; _ga=GA1.1.1576083294.1545240100; _gid=GA1.1.209083629.1545665008; __qca=P0-1088225960-1545665011151; __utma=111872281.1576083294.1545240100.1545665635.1545669133.11; __utmb=111872281.1.10.1545669133

Form: {}/nRequest: GET /customers/new HTTP/1.0
Connection:     close
Host:           localhost:8080
X-Php-Ob-Level: 1

Form: {}/nRequest: GET /customers/new HTTP/1.1
Accept:                    text/html,application/xhtml+xml,application/xml;q=0.9,image/webp,image/apng,*/*;q=0.8
Accept-Encoding:           gzip, deflate, br
Accept-Language:           es-ES,es;q=0.9
Cache-Control:             max-age=0
Connection:                keep-alive
Cookie:                    __utmz=111872281.1545240100.1.1.utmcsr=(direct)|utmccn=(direct)|utmcmd=(none); __utmc=111872281; PHPSESSID=5d639c1817dcf2d3b4c1a7a2ddf64868; _ga=GA1.1.1576083294.1545240100; _gid=GA1.1.209083629.1545665008; __qca=P0-1088225960-1545665011151; __utma=111872281.1576083294.1545240100.1545665635.1545669133.11
Host:                      localhost:8080
Upgrade-Insecure-Requests: 1
User-Agent:                Mozilla/5.0 (Windows NT 10.0; Win64; x64) AppleWebKit/537.36 (KHTML, like Gecko) Chrome/71.0.3578.98 Safari/537.36
X-Php-Ob-Level:            1
Cookie: __utmz=111872281.1545240100.1.1.utmcsr=(direct)|utmccn=(direct)|utmcmd=(none); __utmc=111872281; PHPSESSID=5d639c1817dcf2d3b4c1a7a2ddf64868; _ga=GA1.1.1576083294.1545240100; _gid=GA1.1.209083629.1545665008; __qca=P0-1088225960-1545665011151; __utma=111872281.1576083294.1545240100.1545665635.1545669133.11

Form: {}/nRequest: GET /customers/new HTTP/1.1
Accept:                    text/html,application/xhtml+xml,application/xml;q=0.9,image/webp,image/apng,*/*;q=0.8
Accept-Encoding:           gzip, deflate, br
Accept-Language:           es-ES,es;q=0.9
Cache-Control:             max-age=0
Connection:                keep-alive
Cookie:                    __utmz=111872281.1545240100.1.1.utmcsr=(direct)|utmccn=(direct)|utmcmd=(none); __utmc=111872281; PHPSESSID=5d639c1817dcf2d3b4c1a7a2ddf64868; _ga=GA1.1.1576083294.1545240100; _gid=GA1.1.209083629.1545665008; __qca=P0-1088225960-1545665011151; __utma=111872281.1576083294.1545240100.1545665635.1545669133.11
Host:                      localhost:8080
Upgrade-Insecure-Requests: 1
User-Agent:                Mozilla/5.0 (Windows NT 10.0; Win64; x64) AppleWebKit/537.36 (KHTML, like Gecko) Chrome/71.0.3578.98 Safari/537.36
X-Php-Ob-Level:            1
Cookie: __utmz=111872281.1545240100.1.1.utmcsr=(direct)|utmccn=(direct)|utmcmd=(none); __utmc=111872281; PHPSESSID=5d639c1817dcf2d3b4c1a7a2ddf64868; _ga=GA1.1.1576083294.1545240100; _gid=GA1.1.209083629.1545665008; __qca=P0-1088225960-1545665011151; __utma=111872281.1576083294.1545240100.1545665635.1545669133.11

Form: {}/nRequest: GET /customers/new HTTP/1.1
Accept:                    text/html,application/xhtml+xml,application/xml;q=0.9,image/webp,image/apng,*/*;q=0.8
Accept-Encoding:           gzip, deflate, br
Accept-Language:           es-ES,es;q=0.9
Cache-Control:             max-age=0
Connection:                keep-alive
Cookie:                    __utmz=111872281.1545240100.1.1.utmcsr=(direct)|utmccn=(direct)|utmcmd=(none); __utmc=111872281; PHPSESSID=5d639c1817dcf2d3b4c1a7a2ddf64868; _ga=GA1.1.1576083294.1545240100; _gid=GA1.1.209083629.1545665008; __qca=P0-1088225960-1545665011151; __utma=111872281.1576083294.1545240100.1545665635.1545669133.11
Host:                      localhost:8080
Upgrade-Insecure-Requests: 1
User-Agent:                Mozilla/5.0 (Windows NT 10.0; Win64; x64) AppleWebKit/537.36 (KHTML, like Gecko) Chrome/71.0.3578.98 Safari/537.36
X-Php-Ob-Level:            1
Cookie: __utmz=111872281.1545240100.1.1.utmcsr=(direct)|utmccn=(direct)|utmcmd=(none); __utmc=111872281; PHPSESSID=5d639c1817dcf2d3b4c1a7a2ddf64868; _ga=GA1.1.1576083294.1545240100; _gid=GA1.1.209083629.1545665008; __qca=P0-1088225960-1545665011151; __utma=111872281.1576083294.1545240100.1545665635.1545669133.11

Form: {}/nRequest: GET /customers/new HTTP/1.1
Accept:                    text/html,application/xhtml+xml,application/xml;q=0.9,image/webp,image/apng,*/*;q=0.8
Accept-Encoding:           gzip, deflate, br
Accept-Language:           es-ES,es;q=0.9
Cache-Control:             max-age=0
Connection:                keep-alive
Cookie:                    __utmz=111872281.1545240100.1.1.utmcsr=(direct)|utmccn=(direct)|utmcmd=(none); __utmc=111872281; PHPSESSID=5d639c1817dcf2d3b4c1a7a2ddf64868; _ga=GA1.1.1576083294.1545240100; _gid=GA1.1.209083629.1545665008; __qca=P0-1088225960-1545665011151; __utma=111872281.1576083294.1545240100.1545665635.1545669133.11
Host:                      localhost:8080
Upgrade-Insecure-Requests: 1
User-Agent:                Mozilla/5.0 (Windows NT 10.0; Win64; x64) AppleWebKit/537.36 (KHTML, like Gecko) Chrome/71.0.3578.98 Safari/537.36
X-Php-Ob-Level:            1
Cookie: __utmz=111872281.1545240100.1.1.utmcsr=(direct)|utmccn=(direct)|utmcmd=(none); __utmc=111872281; PHPSESSID=5d639c1817dcf2d3b4c1a7a2ddf64868; _ga=GA1.1.1576083294.1545240100; _gid=GA1.1.209083629.1545665008; __qca=P0-1088225960-1545665011151; __utma=111872281.1576083294.1545240100.1545665635.1545669133.11

Form: {}/nRequest: GET /customers/new HTTP/1.1
Accept:                    text/html,application/xhtml+xml,application/xml;q=0.9,image/webp,image/apng,*/*;q=0.8
Accept-Encoding:           gzip, deflate, br
Accept-Language:           es-ES,es;q=0.9
Cache-Control:             max-age=0
Connection:                keep-alive
Cookie:                    __utmz=111872281.1545240100.1.1.utmcsr=(direct)|utmccn=(direct)|utmcmd=(none); __utmc=111872281; PHPSESSID=5d639c1817dcf2d3b4c1a7a2ddf64868; _ga=GA1.1.1576083294.1545240100; _gid=GA1.1.209083629.1545665008; __qca=P0-1088225960-1545665011151; __utma=111872281.1576083294.1545240100.1545665635.1545669133.11
Host:                      localhost:8080
Upgrade-Insecure-Requests: 1
User-Agent:                Mozilla/5.0 (Windows NT 10.0; Win64; x64) AppleWebKit/537.36 (KHTML, like Gecko) Chrome/71.0.3578.98 Safari/537.36
X-Php-Ob-Level:            1
Cookie: __utmz=111872281.1545240100.1.1.utmcsr=(direct)|utmccn=(direct)|utmcmd=(none); __utmc=111872281; PHPSESSID=5d639c1817dcf2d3b4c1a7a2ddf64868; _ga=GA1.1.1576083294.1545240100; _gid=GA1.1.209083629.1545665008; __qca=P0-1088225960-1545665011151; __utma=111872281.1576083294.1545240100.1545665635.1545669133.11

Form: {}/nRequest: GET /customers/new HTTP/1.1
Accept:                    text/html,application/xhtml+xml,application/xml;q=0.9,image/webp,image/apng,*/*;q=0.8
Accept-Encoding:           gzip, deflate, br
Accept-Language:           es-ES,es;q=0.9
Cache-Control:             max-age=0
Connection:                keep-alive
Cookie:                    __utmz=111872281.1545240100.1.1.utmcsr=(direct)|utmccn=(direct)|utmcmd=(none); __utmc=111872281; PHPSESSID=5d639c1817dcf2d3b4c1a7a2ddf64868; _ga=GA1.1.1576083294.1545240100; _gid=GA1.1.209083629.1545665008; __qca=P0-1088225960-1545665011151; __utma=111872281.1576083294.1545240100.1545665635.1545669133.11
Host:                      localhost:8080
Upgrade-Insecure-Requests: 1
User-Agent:                Mozilla/5.0 (Windows NT 10.0; Win64; x64) AppleWebKit/537.36 (KHTML, like Gecko) Chrome/71.0.3578.98 Safari/537.36
X-Php-Ob-Level:            1
Cookie: __utmz=111872281.1545240100.1.1.utmcsr=(direct)|utmccn=(direct)|utmcmd=(none); __utmc=111872281; PHPSESSID=5d639c1817dcf2d3b4c1a7a2ddf64868; _ga=GA1.1.1576083294.1545240100; _gid=GA1.1.209083629.1545665008; __qca=P0-1088225960-1545665011151; __utma=111872281.1576083294.1545240100.1545665635.1545669133.11

Form: {}/nRequest: GET /customers/new HTTP/1.0
Connection:     close
Host:           localhost:8080
X-Php-Ob-Level: 1

Form: {}/nRequest: GET /customers/new HTTP/1.0
Connection:     close
Host:           localhost:8080
X-Php-Ob-Level: 1

Form: {}/nRequest: GET /customers/new HTTP/1.1
Accept:                    text/html,application/xhtml+xml,application/xml;q=0.9,image/webp,image/apng,*/*;q=0.8
Accept-Encoding:           gzip, deflate, br
Accept-Language:           es-ES,es;q=0.9
Cache-Control:             max-age=0
Connection:                keep-alive
Cookie:                    __utmz=111872281.1545240100.1.1.utmcsr=(direct)|utmccn=(direct)|utmcmd=(none); __utmc=111872281; PHPSESSID=5d639c1817dcf2d3b4c1a7a2ddf64868; _ga=GA1.1.1576083294.1545240100; _gid=GA1.1.209083629.1545665008; __qca=P0-1088225960-1545665011151; __utma=111872281.1576083294.1545240100.1545665635.1545669133.11
Host:                      localhost:8080
Upgrade-Insecure-Requests: 1
User-Agent:                Mozilla/5.0 (Windows NT 10.0; Win64; x64) AppleWebKit/537.36 (KHTML, like Gecko) Chrome/71.0.3578.98 Safari/537.36
X-Php-Ob-Level:            1
Cookie: __utmz=111872281.1545240100.1.1.utmcsr=(direct)|utmccn=(direct)|utmcmd=(none); __utmc=111872281; PHPSESSID=5d639c1817dcf2d3b4c1a7a2ddf64868; _ga=GA1.1.1576083294.1545240100; _gid=GA1.1.209083629.1545665008; __qca=P0-1088225960-1545665011151; __utma=111872281.1576083294.1545240100.1545665635.1545669133.11

Form: {}/nRequest: GET /customers/new HTTP/1.1
Accept:                    text/html,application/xhtml+xml,application/xml;q=0.9,image/webp,image/apng,*/*;q=0.8
Accept-Encoding:           gzip, deflate, br
Accept-Language:           es-ES,es;q=0.9
Cache-Control:             max-age=0
Connection:                keep-alive
Cookie:                    __utmz=111872281.1545240100.1.1.utmcsr=(direct)|utmccn=(direct)|utmcmd=(none); __utmc=111872281; PHPSESSID=5d639c1817dcf2d3b4c1a7a2ddf64868; _ga=GA1.1.1576083294.1545240100; _gid=GA1.1.209083629.1545665008; __qca=P0-1088225960-1545665011151; __utma=111872281.1576083294.1545240100.1545665635.1545669133.11
Host:                      localhost:8080
Upgrade-Insecure-Requests: 1
User-Agent:                Mozilla/5.0 (Windows NT 10.0; Win64; x64) AppleWebKit/537.36 (KHTML, like Gecko) Chrome/71.0.3578.98 Safari/537.36
X-Php-Ob-Level:            1
Cookie: __utmz=111872281.1545240100.1.1.utmcsr=(direct)|utmccn=(direct)|utmcmd=(none); __utmc=111872281; PHPSESSID=5d639c1817dcf2d3b4c1a7a2ddf64868; _ga=GA1.1.1576083294.1545240100; _gid=GA1.1.209083629.1545665008; __qca=P0-1088225960-1545665011151; __utma=111872281.1576083294.1545240100.1545665635.1545669133.11

Form: {}/nRequest: GET /customers/new HTTP/1.1
Accept:                    text/html,application/xhtml+xml,application/xml;q=0.9,image/webp,image/apng,*/*;q=0.8
Accept-Encoding:           gzip, deflate, br
Accept-Language:           es-ES,es;q=0.9
Cache-Control:             max-age=0
Connection:                keep-alive
Cookie:                    __utmz=111872281.1545240100.1.1.utmcsr=(direct)|utmccn=(direct)|utmcmd=(none); __utmc=111872281; PHPSESSID=5d639c1817dcf2d3b4c1a7a2ddf64868; _ga=GA1.1.1576083294.1545240100; _gid=GA1.1.209083629.1545665008; __qca=P0-1088225960-1545665011151; __utma=111872281.1576083294.1545240100.1545665635.1545669133.11
Host:                      localhost:8080
Upgrade-Insecure-Requests: 1
User-Agent:                Mozilla/5.0 (Windows NT 10.0; Win64; x64) AppleWebKit/537.36 (KHTML, like Gecko) Chrome/71.0.3578.98 Safari/537.36
X-Php-Ob-Level:            1
Cookie: __utmz=111872281.1545240100.1.1.utmcsr=(direct)|utmccn=(direct)|utmcmd=(none); __utmc=111872281; PHPSESSID=5d639c1817dcf2d3b4c1a7a2ddf64868; _ga=GA1.1.1576083294.1545240100; _gid=GA1.1.209083629.1545665008; __qca=P0-1088225960-1545665011151; __utma=111872281.1576083294.1545240100.1545665635.1545669133.11

Form: {}/nRequest: GET /customers/new HTTP/1.1
Accept:                    text/html,application/xhtml+xml,application/xml;q=0.9,image/webp,image/apng,*/*;q=0.8
Accept-Encoding:           gzip, deflate, br
Accept-Language:           es-ES,es;q=0.9
Cache-Control:             max-age=0
Connection:                keep-alive
Cookie:                    __utmz=111872281.1545240100.1.1.utmcsr=(direct)|utmccn=(direct)|utmcmd=(none); __utmc=111872281; PHPSESSID=5d639c1817dcf2d3b4c1a7a2ddf64868; _ga=GA1.1.1576083294.1545240100; _gid=GA1.1.209083629.1545665008; __qca=P0-1088225960-1545665011151; __utma=111872281.1576083294.1545240100.1545665635.1545669133.11
Host:                      localhost:8080
Upgrade-Insecure-Requests: 1
User-Agent:                Mozilla/5.0 (Windows NT 10.0; Win64; x64) AppleWebKit/537.36 (KHTML, like Gecko) Chrome/71.0.3578.98 Safari/537.36
X-Php-Ob-Level:            1
Cookie: __utmz=111872281.1545240100.1.1.utmcsr=(direct)|utmccn=(direct)|utmcmd=(none); __utmc=111872281; PHPSESSID=5d639c1817dcf2d3b4c1a7a2ddf64868; _ga=GA1.1.1576083294.1545240100; _gid=GA1.1.209083629.1545665008; __qca=P0-1088225960-1545665011151; __utma=111872281.1576083294.1545240100.1545665635.1545669133.11

Form: {}/nRequest: GET /customers/new HTTP/1.1
Accept:                    text/html,application/xhtml+xml,application/xml;q=0.9,image/webp,image/apng,*/*;q=0.8
Accept-Encoding:           gzip, deflate, br
Accept-Language:           es-ES,es;q=0.9
Cache-Control:             max-age=0
Connection:                keep-alive
Cookie:                    __utmz=111872281.1545240100.1.1.utmcsr=(direct)|utmccn=(direct)|utmcmd=(none); __utmc=111872281; PHPSESSID=5d639c1817dcf2d3b4c1a7a2ddf64868; _ga=GA1.1.1576083294.1545240100; _gid=GA1.1.209083629.1545665008; __qca=P0-1088225960-1545665011151; __utma=111872281.1576083294.1545240100.1545665635.1545669133.11
Host:                      localhost:8080
Upgrade-Insecure-Requests: 1
User-Agent:                Mozilla/5.0 (Windows NT 10.0; Win64; x64) AppleWebKit/537.36 (KHTML, like Gecko) Chrome/71.0.3578.98 Safari/537.36
X-Php-Ob-Level:            1
Cookie: __utmz=111872281.1545240100.1.1.utmcsr=(direct)|utmccn=(direct)|utmcmd=(none); __utmc=111872281; PHPSESSID=5d639c1817dcf2d3b4c1a7a2ddf64868; _ga=GA1.1.1576083294.1545240100; _gid=GA1.1.209083629.1545665008; __qca=P0-1088225960-1545665011151; __utma=111872281.1576083294.1545240100.1545665635.1545669133.11

Form: {}/nRequest: GET /customers/new HTTP/1.1
Accept:                    text/html,application/xhtml+xml,application/xml;q=0.9,image/webp,image/apng,*/*;q=0.8
Accept-Encoding:           gzip, deflate, br
Accept-Language:           es-ES,es;q=0.9
Cache-Control:             max-age=0
Connection:                keep-alive
Cookie:                    __utmz=111872281.1545240100.1.1.utmcsr=(direct)|utmccn=(direct)|utmcmd=(none); __utmc=111872281; PHPSESSID=5d639c1817dcf2d3b4c1a7a2ddf64868; _ga=GA1.1.1576083294.1545240100; _gid=GA1.1.209083629.1545665008; __qca=P0-1088225960-1545665011151; __utma=111872281.1576083294.1545240100.1545665635.1545669133.11
Host:                      localhost:8080
Upgrade-Insecure-Requests: 1
User-Agent:                Mozilla/5.0 (Windows NT 10.0; Win64; x64) AppleWebKit/537.36 (KHTML, like Gecko) Chrome/71.0.3578.98 Safari/537.36
X-Php-Ob-Level:            1
Cookie: __utmz=111872281.1545240100.1.1.utmcsr=(direct)|utmccn=(direct)|utmcmd=(none); __utmc=111872281; PHPSESSID=5d639c1817dcf2d3b4c1a7a2ddf64868; _ga=GA1.1.1576083294.1545240100; _gid=GA1.1.209083629.1545665008; __qca=P0-1088225960-1545665011151; __utma=111872281.1576083294.1545240100.1545665635.1545669133.11

Form: {}/nRequest: GET /customers/new HTTP/1.1
Accept:                    text/html,application/xhtml+xml,application/xml;q=0.9,image/webp,image/apng,*/*;q=0.8
Accept-Encoding:           gzip, deflate, br
Accept-Language:           es-ES,es;q=0.9
Cache-Control:             max-age=0
Connection:                keep-alive
Cookie:                    __utmz=111872281.1545240100.1.1.utmcsr=(direct)|utmccn=(direct)|utmcmd=(none); __utmc=111872281; PHPSESSID=5d639c1817dcf2d3b4c1a7a2ddf64868; _ga=GA1.1.1576083294.1545240100; _gid=GA1.1.209083629.1545665008; __qca=P0-1088225960-1545665011151; __utma=111872281.1576083294.1545240100.1545665635.1545669133.11
Host:                      localhost:8080
Upgrade-Insecure-Requests: 1
User-Agent:                Mozilla/5.0 (Windows NT 10.0; Win64; x64) AppleWebKit/537.36 (KHTML, like Gecko) Chrome/71.0.3578.98 Safari/537.36
X-Php-Ob-Level:            1
Cookie: __utmz=111872281.1545240100.1.1.utmcsr=(direct)|utmccn=(direct)|utmcmd=(none); __utmc=111872281; PHPSESSID=5d639c1817dcf2d3b4c1a7a2ddf64868; _ga=GA1.1.1576083294.1545240100; _gid=GA1.1.209083629.1545665008; __qca=P0-1088225960-1545665011151; __utma=111872281.1576083294.1545240100.1545665635.1545669133.11

Form: {}/nRequest: GET /customers/new HTTP/1.1
Accept:                    text/html,application/xhtml+xml,application/xml;q=0.9,image/webp,image/apng,*/*;q=0.8
Accept-Encoding:           gzip, deflate, br
Accept-Language:           es-ES,es;q=0.9
Cache-Control:             max-age=0
Connection:                keep-alive
Cookie:                    __utmz=111872281.1545240100.1.1.utmcsr=(direct)|utmccn=(direct)|utmcmd=(none); __utmc=111872281; PHPSESSID=5d639c1817dcf2d3b4c1a7a2ddf64868; _ga=GA1.1.1576083294.1545240100; _gid=GA1.1.209083629.1545665008; __qca=P0-1088225960-1545665011151; __utma=111872281.1576083294.1545240100.1545665635.1545669133.11
Host:                      localhost:8080
Upgrade-Insecure-Requests: 1
User-Agent:                Mozilla/5.0 (Windows NT 10.0; Win64; x64) AppleWebKit/537.36 (KHTML, like Gecko) Chrome/71.0.3578.98 Safari/537.36
X-Php-Ob-Level:            1
Cookie: __utmz=111872281.1545240100.1.1.utmcsr=(direct)|utmccn=(direct)|utmcmd=(none); __utmc=111872281; PHPSESSID=5d639c1817dcf2d3b4c1a7a2ddf64868; _ga=GA1.1.1576083294.1545240100; _gid=GA1.1.209083629.1545665008; __qca=P0-1088225960-1545665011151; __utma=111872281.1576083294.1545240100.1545665635.1545669133.11

Form: {}/nRequest: GET /customers/new HTTP/1.0
Connection:     close
Host:           localhost:8080
X-Php-Ob-Level: 1

Form: {}/nRequest: GET /customers/new HTTP/1.0
Connection:     close
Host:           localhost:8080
X-Php-Ob-Level: 1

Form: {}/nRequest: GET /customers/new HTTP/1.0
Connection:     close
Host:           localhost:8080
X-Php-Ob-Level: 1

Form: {}/nRequest: GET /customers/new HTTP/1.0
Connection:     close
Host:           localhost:8080
X-Php-Ob-Level: 1

Form: {}/nRequest: GET /customers/new HTTP/1.0
Connection:     close
Host:           localhost:8080
X-Php-Ob-Level: 1

Form: {}/nRequest: POST /customers/post HTTP/1.1
Accept:           */*
Accept-Encoding:  gzip, deflate, br
Accept-Language:  es-ES,es;q=0.9
Connection:       keep-alive
Content-Length:   188
Content-Type:     application/x-www-form-urlencoded; charset=UTF-8
Cookie:           __utmz=111872281.1545240100.1.1.utmcsr=(direct)|utmccn=(direct)|utmcmd=(none); __utmc=111872281; PHPSESSID=5d639c1817dcf2d3b4c1a7a2ddf64868; _ga=GA1.1.1576083294.1545240100; _gid=GA1.1.209083629.1545665008; __qca=P0-1088225960-1545665011151; __utma=111872281.1576083294.1545240100.1545665635.1545669133.11
Host:             localhost:8080
Origin:           http://localhost:8080
Referer:          http://localhost:8080/
User-Agent:       Mozilla/5.0 (Windows NT 10.0; Win64; x64) AppleWebKit/537.36 (KHTML, like Gecko) Chrome/71.0.3578.98 Safari/537.36
X-Php-Ob-Level:   1
X-Requested-With: XMLHttpRequest
Cookie: __utmz=111872281.1545240100.1.1.utmcsr=(direct)|utmccn=(direct)|utmcmd=(none); __utmc=111872281; PHPSESSID=5d639c1817dcf2d3b4c1a7a2ddf64868; _ga=GA1.1.1576083294.1545240100; _gid=GA1.1.209083629.1545665008; __qca=P0-1088225960-1545665011151; __utma=111872281.1576083294.1545240100.1545665635.1545669133.11

customers1%5BfirstName%5D=asdasd&customers1%5BlastName%5D=asdasd&customers1%5Bemail%5D=aaasdd&customers1%5Bdocid%5D=12346&customers1%5B_token%5D=qUboCPxcz-h9qO1lehbM1ljdFHdmvWv_zyuNvfDQmvoForm: {}/nRequest: GET /customers/new HTTP/1.1
Accept:                    text/html,application/xhtml+xml,application/xml;q=0.9,image/webp,image/apng,*/*;q=0.8
Accept-Encoding:           gzip, deflate, br
Accept-Language:           es-ES,es;q=0.9
Cache-Control:             max-age=0
Connection:                keep-alive
Cookie:                    __utmz=111872281.1545240100.1.1.utmcsr=(direct)|utmccn=(direct)|utmcmd=(none); __utmc=111872281; PHPSESSID=5d639c1817dcf2d3b4c1a7a2ddf64868; _ga=GA1.1.1576083294.1545240100; _gid=GA1.1.209083629.1545665008; __qca=P0-1088225960-1545665011151; __utma=111872281.1576083294.1545240100.1545669133.1545672034.12; __utmt=1; __utmb=111872281.4.10.1545672034
Host:                      localhost:8080
Upgrade-Insecure-Requests: 1
User-Agent:                Mozilla/5.0 (Windows NT 10.0; Win64; x64) AppleWebKit/537.36 (KHTML, like Gecko) Chrome/71.0.3578.98 Safari/537.36
X-Php-Ob-Level:            1
Cookie: __utmz=111872281.1545240100.1.1.utmcsr=(direct)|utmccn=(direct)|utmcmd=(none); __utmc=111872281; PHPSESSID=5d639c1817dcf2d3b4c1a7a2ddf64868; _ga=GA1.1.1576083294.1545240100; _gid=GA1.1.209083629.1545665008; __qca=P0-1088225960-1545665011151; __utma=111872281.1576083294.1545240100.1545669133.1545672034.12; __utmt=1; __utmb=111872281.4.10.1545672034

Form: {}/nRequest: GET /customers/new HTTP/1.1
Accept:                    text/html,application/xhtml+xml,application/xml;q=0.9,image/webp,image/apng,*/*;q=0.8
Accept-Encoding:           gzip, deflate, br
Accept-Language:           es-ES,es;q=0.9
Cache-Control:             max-age=0
Connection:                keep-alive
Cookie:                    __utmz=111872281.1545240100.1.1.utmcsr=(direct)|utmccn=(direct)|utmcmd=(none); __utmc=111872281; PHPSESSID=5d639c1817dcf2d3b4c1a7a2ddf64868; _ga=GA1.1.1576083294.1545240100; _gid=GA1.1.209083629.1545665008; __qca=P0-1088225960-1545665011151; __utma=111872281.1576083294.1545240100.1545669133.1545672034.12; __utmt=1; __utmb=111872281.4.10.1545672034
Host:                      localhost:8080
Upgrade-Insecure-Requests: 1
User-Agent:                Mozilla/5.0 (Windows NT 10.0; Win64; x64) AppleWebKit/537.36 (KHTML, like Gecko) Chrome/71.0.3578.98 Safari/537.36
X-Php-Ob-Level:            1
Cookie: __utmz=111872281.1545240100.1.1.utmcsr=(direct)|utmccn=(direct)|utmcmd=(none); __utmc=111872281; PHPSESSID=5d639c1817dcf2d3b4c1a7a2ddf64868; _ga=GA1.1.1576083294.1545240100; _gid=GA1.1.209083629.1545665008; __qca=P0-1088225960-1545665011151; __utma=111872281.1576083294.1545240100.1545669133.1545672034.12; __utmt=1; __utmb=111872281.4.10.1545672034

Form: {}/nRequest: GET /customers/new HTTP/1.1
Accept:                    text/html,application/xhtml+xml,application/xml;q=0.9,image/webp,image/apng,*/*;q=0.8
Accept-Encoding:           gzip, deflate, br
Accept-Language:           es-ES,es;q=0.9
Cache-Control:             max-age=0
Connection:                keep-alive
Cookie:                    __utmz=111872281.1545240100.1.1.utmcsr=(direct)|utmccn=(direct)|utmcmd=(none); __utmc=111872281; PHPSESSID=5d639c1817dcf2d3b4c1a7a2ddf64868; _ga=GA1.1.1576083294.1545240100; _gid=GA1.1.209083629.1545665008; __qca=P0-1088225960-1545665011151; __utma=111872281.1576083294.1545240100.1545669133.1545672034.12; __utmt=1; __utmb=111872281.4.10.1545672034
Host:                      localhost:8080
Upgrade-Insecure-Requests: 1
User-Agent:                Mozilla/5.0 (Windows NT 10.0; Win64; x64) AppleWebKit/537.36 (KHTML, like Gecko) Chrome/71.0.3578.98 Safari/537.36
X-Php-Ob-Level:            1
Cookie: __utmz=111872281.1545240100.1.1.utmcsr=(direct)|utmccn=(direct)|utmcmd=(none); __utmc=111872281; PHPSESSID=5d639c1817dcf2d3b4c1a7a2ddf64868; _ga=GA1.1.1576083294.1545240100; _gid=GA1.1.209083629.1545665008; __qca=P0-1088225960-1545665011151; __utma=111872281.1576083294.1545240100.1545669133.1545672034.12; __utmt=1; __utmb=111872281.4.10.1545672034

Form: {}/nRequest: GET /customers/new HTTP/1.1
Accept:                    text/html,application/xhtml+xml,application/xml;q=0.9,image/webp,image/apng,*/*;q=0.8
Accept-Encoding:           gzip, deflate, br
Accept-Language:           es-ES,es;q=0.9
Cache-Control:             max-age=0
Connection:                keep-alive
Cookie:                    __utmz=111872281.1545240100.1.1.utmcsr=(direct)|utmccn=(direct)|utmcmd=(none); __utmc=111872281; PHPSESSID=5d639c1817dcf2d3b4c1a7a2ddf64868; _ga=GA1.1.1576083294.1545240100; _gid=GA1.1.209083629.1545665008; __qca=P0-1088225960-1545665011151; __utma=111872281.1576083294.1545240100.1545669133.1545672034.12; __utmt=1; __utmb=111872281.4.10.1545672034
Host:                      localhost:8080
Upgrade-Insecure-Requests: 1
User-Agent:                Mozilla/5.0 (Windows NT 10.0; Win64; x64) AppleWebKit/537.36 (KHTML, like Gecko) Chrome/71.0.3578.98 Safari/537.36
X-Php-Ob-Level:            1
Cookie: __utmz=111872281.1545240100.1.1.utmcsr=(direct)|utmccn=(direct)|utmcmd=(none); __utmc=111872281; PHPSESSID=5d639c1817dcf2d3b4c1a7a2ddf64868; _ga=GA1.1.1576083294.1545240100; _gid=GA1.1.209083629.1545665008; __qca=P0-1088225960-1545665011151; __utma=111872281.1576083294.1545240100.1545669133.1545672034.12; __utmt=1; __utmb=111872281.4.10.1545672034

Form: {}/nRequest: GET /customers/new HTTP/1.1
Accept:                    text/html,application/xhtml+xml,application/xml;q=0.9,image/webp,image/apng,*/*;q=0.8
Accept-Encoding:           gzip, deflate, br
Accept-Language:           es-ES,es;q=0.9
Cache-Control:             max-age=0
Connection:                keep-alive
Cookie:                    __utmz=111872281.1545240100.1.1.utmcsr=(direct)|utmccn=(direct)|utmcmd=(none); __utmc=111872281; PHPSESSID=5d639c1817dcf2d3b4c1a7a2ddf64868; _ga=GA1.1.1576083294.1545240100; _gid=GA1.1.209083629.1545665008; __qca=P0-1088225960-1545665011151; __utma=111872281.1576083294.1545240100.1545669133.1545672034.12; __utmt=1; __utmb=111872281.4.10.1545672034
Host:                      localhost:8080
Upgrade-Insecure-Requests: 1
User-Agent:                Mozilla/5.0 (Windows NT 10.0; Win64; x64) AppleWebKit/537.36 (KHTML, like Gecko) Chrome/71.0.3578.98 Safari/537.36
X-Php-Ob-Level:            1
Cookie: __utmz=111872281.1545240100.1.1.utmcsr=(direct)|utmccn=(direct)|utmcmd=(none); __utmc=111872281; PHPSESSID=5d639c1817dcf2d3b4c1a7a2ddf64868; _ga=GA1.1.1576083294.1545240100; _gid=GA1.1.209083629.1545665008; __qca=P0-1088225960-1545665011151; __utma=111872281.1576083294.1545240100.1545669133.1545672034.12; __utmt=1; __utmb=111872281.4.10.1545672034

Form: {}/nRequest: GET /customers/new HTTP/1.1
Accept:                    text/html,application/xhtml+xml,application/xml;q=0.9,image/webp,image/apng,*/*;q=0.8
Accept-Encoding:           gzip, deflate, br
Accept-Language:           es-ES,es;q=0.9
Cache-Control:             max-age=0
Connection:                keep-alive
Cookie:                    __utmz=111872281.1545240100.1.1.utmcsr=(direct)|utmccn=(direct)|utmcmd=(none); __utmc=111872281; PHPSESSID=5d639c1817dcf2d3b4c1a7a2ddf64868; _ga=GA1.1.1576083294.1545240100; _gid=GA1.1.209083629.1545665008; __qca=P0-1088225960-1545665011151; __utma=111872281.1576083294.1545240100.1545669133.1545672034.12; __utmt=1; __utmb=111872281.4.10.1545672034
Host:                      localhost:8080
Upgrade-Insecure-Requests: 1
User-Agent:                Mozilla/5.0 (Windows NT 10.0; Win64; x64) AppleWebKit/537.36 (KHTML, like Gecko) Chrome/71.0.3578.98 Safari/537.36
X-Php-Ob-Level:            1
Cookie: __utmz=111872281.1545240100.1.1.utmcsr=(direct)|utmccn=(direct)|utmcmd=(none); __utmc=111872281; PHPSESSID=5d639c1817dcf2d3b4c1a7a2ddf64868; _ga=GA1.1.1576083294.1545240100; _gid=GA1.1.209083629.1545665008; __qca=P0-1088225960-1545665011151; __utma=111872281.1576083294.1545240100.1545669133.1545672034.12; __utmt=1; __utmb=111872281.4.10.1545672034

Form: {}/nRequest: GET /customers/new HTTP/1.0
Connection:     close
Host:           localhost:8080
X-Php-Ob-Level: 1

Form: {}/nRequest: GET /customers/new HTTP/1.0
Connection:     close
Host:           localhost:8080
X-Php-Ob-Level: 1

Form: {}/nRequest: GET /customers/new HTTP/1.0
Connection:     close
Host:           localhost:8080
X-Php-Ob-Level: 1

Form: {}/nRequest: GET /customers/new HTTP/1.0
Connection:     close
Host:           localhost:8080
X-Php-Ob-Level: 1

Form: {}/nRequest: POST /customers/post HTTP/1.1
Accept:           */*
Accept-Encoding:  gzip, deflate, br
Accept-Language:  es-ES,es;q=0.9
Connection:       keep-alive
Content-Length:   0
Cookie:           __utmz=111872281.1545240100.1.1.utmcsr=(direct)|utmccn=(direct)|utmcmd=(none); __utmc=111872281; PHPSESSID=5d639c1817dcf2d3b4c1a7a2ddf64868; _ga=GA1.1.1576083294.1545240100; _gid=GA1.1.209083629.1545665008; __qca=P0-1088225960-1545665011151; __utma=111872281.1576083294.1545240100.1545672034.1545677733.13; __utmt=1; __utmb=111872281.2.10.1545677733
Host:             localhost:8080
Origin:           http://localhost:8080
Referer:          http://localhost:8080/
User-Agent:       Mozilla/5.0 (Windows NT 10.0; Win64; x64) AppleWebKit/537.36 (KHTML, like Gecko) Chrome/71.0.3578.98 Safari/537.36
X-Php-Ob-Level:   1
X-Requested-With: XMLHttpRequest
Cookie: __utmz=111872281.1545240100.1.1.utmcsr=(direct)|utmccn=(direct)|utmcmd=(none); __utmc=111872281; PHPSESSID=5d639c1817dcf2d3b4c1a7a2ddf64868; _ga=GA1.1.1576083294.1545240100; _gid=GA1.1.209083629.1545665008; __qca=P0-1088225960-1545665011151; __utma=111872281.1576083294.1545240100.1545672034.1545677733.13; __utmt=1; __utmb=111872281.2.10.1545677733

Form: {}/nRequest: POST /customers/post HTTP/1.1
Accept:           */*
Accept-Encoding:  gzip, deflate, br
Accept-Language:  es-ES,es;q=0.9
Connection:       keep-alive
Content-Length:   0
Cookie:           __utmz=111872281.1545240100.1.1.utmcsr=(direct)|utmccn=(direct)|utmcmd=(none); __utmc=111872281; PHPSESSID=5d639c1817dcf2d3b4c1a7a2ddf64868; _ga=GA1.1.1576083294.1545240100; _gid=GA1.1.209083629.1545665008; __qca=P0-1088225960-1545665011151; __utma=111872281.1576083294.1545240100.1545672034.1545677733.13; __utmt=1; __utmb=111872281.3.10.1545677733
Host:             localhost:8080
Origin:           http://localhost:8080
Referer:          http://localhost:8080/
User-Agent:       Mozilla/5.0 (Windows NT 10.0; Win64; x64) AppleWebKit/537.36 (KHTML, like Gecko) Chrome/71.0.3578.98 Safari/537.36
X-Php-Ob-Level:   1
X-Requested-With: XMLHttpRequest
Cookie: __utmz=111872281.1545240100.1.1.utmcsr=(direct)|utmccn=(direct)|utmcmd=(none); __utmc=111872281; PHPSESSID=5d639c1817dcf2d3b4c1a7a2ddf64868; _ga=GA1.1.1576083294.1545240100; _gid=GA1.1.209083629.1545665008; __qca=P0-1088225960-1545665011151; __utma=111872281.1576083294.1545240100.1545672034.1545677733.13; __utmt=1; __utmb=111872281.3.10.1545677733

Form: {}/nRequest: GET /customers/new HTTP/1.0
Connection:     close
Host:           localhost:8080
X-Php-Ob-Level: 1

Form: {}/nRequest: GET /customers/new HTTP/1.0
Connection:     close
Host:           localhost:8080
X-Php-Ob-Level: 1

Form: {}/nRequest: GET /customers/new HTTP/1.0
Connection:     close
Host:           localhost:8080
X-Php-Ob-Level: 1

Form: {}/nRequest: GET /customers/new HTTP/1.0
Connection:     close
Host:           localhost:8080
X-Php-Ob-Level: 1

Form: {}/nRequest: GET /customers/new HTTP/1.0
Connection:     close
Host:           localhost:8080
X-Php-Ob-Level: 1

Form: {}/nRequest: GET /customers/new HTTP/1.0
Connection:     close
Host:           localhost:8080
X-Php-Ob-Level: 1

Form: {}/nRequest: GET /customers/new HTTP/1.0
Connection:     close
Host:           localhost:8080
X-Php-Ob-Level: 1

Form: {}/nRequest: GET /customers/new HTTP/1.0
Connection:     close
Host:           localhost:8080
X-Php-Ob-Level: 1

Form: {}/nRequest: GET /customers/new HTTP/1.0
Connection:     close
Host:           localhost:8080
X-Php-Ob-Level: 1

Form: {}/nRequest: GET /customers/new HTTP/1.0
Connection:     close
Host:           localhost:8080
X-Php-Ob-Level: 1

Form: {}/nRequest: GET /customers/new HTTP/1.0
Connection:     close
Host:           localhost:8080
X-Php-Ob-Level: 1

Form: {}/nRequest: GET /customers/new HTTP/1.0
Connection:     close
Host:           localhost:8080
X-Php-Ob-Level: 1

Form: {}/nRequest: GET /customers/new HTTP/1.0
Connection:     close
Host:           localhost:8080
X-Php-Ob-Level: 1

Form: {}/nRequest: GET /customers/new HTTP/1.0
Connection:     close
Host:           localhost:8080
X-Php-Ob-Level: 1

Form: {}/nRequest: GET /customers/new HTTP/1.0
Connection:     close
Host:           localhost:8080
X-Php-Ob-Level: 1

Form: {}/nRequest: GET /customers/new HTTP/1.0
Connection:     close
Host:           localhost:8080
X-Php-Ob-Level: 1

Form: {}/nRequest: GET /customers/new HTTP/1.0
Connection:     close
Host:           localhost:8080
X-Php-Ob-Level: 1

Form: {}/nRequest: GET /customers/new HTTP/1.0
Connection:     close
Host:           localhost:8080
X-Php-Ob-Level: 1

Form: {}/nRequest: GET /customers/new HTTP/1.0
Connection:     close
Host:           localhost:8080
X-Php-Ob-Level: 1

Form: {}/nRequest: GET /customers/new HTTP/1.0
Connection:     close
Host:           localhost:8080
X-Php-Ob-Level: 1

Form: {}/nRequest: GET /customers/new HTTP/1.0
Connection:     close
Host:           localhost:8080
X-Php-Ob-Level: 1

Form: {}/nRequest: GET /customers/new HTTP/1.0
Connection:     close
Host:           localhost:8080
X-Php-Ob-Level: 1

Form: {}/nRequest: GET /customers/new HTTP/1.0
Connection:     close
Host:           localhost:8080
X-Php-Ob-Level: 1

Form: {}/nRequest: GET /customers/new HTTP/1.0
Connection:     close
Host:           localhost:8080
X-Php-Ob-Level: 1

Form: {}/nRequest: GET /customers/new HTTP/1.0
Connection:     close
Host:           localhost:8080
X-Php-Ob-Level: 1

Form: {}/nRequest: GET /customers/new HTTP/1.0
Connection:     close
Host:           localhost:8080
X-Php-Ob-Level: 1

Form: {}/nRequest: GET /customers/new HTTP/1.0
Connection:     close
Host:           localhost:8080
X-Php-Ob-Level: 1

Form: {}/nRequest: GET /customers/new HTTP/1.0
Connection:     close
Host:           localhost:8080
X-Php-Ob-Level: 1

Form: {}/nRequest: GET /customers/new HTTP/1.0
Connection:     close
Host:           localhost:8080
X-Php-Ob-Level: 1

Form: {}/nRequest: GET /customers/new HTTP/1.0
Connection:     close
Host:           localhost:8080
X-Php-Ob-Level: 1

Form: {}/nRequest: GET /customers/new HTTP/1.0
Connection:     close
Host:           localhost:8080
X-Php-Ob-Level: 1

Form: {}/nRequest: GET /customers/new HTTP/1.0
Connection:     close
Host:           localhost:8080
X-Php-Ob-Level: 1

Form: {}/nRequest: GET /customers/new HTTP/1.0
Connection:     close
Host:           localhost:8080
X-Php-Ob-Level: 1

Form: {}/nRequest: GET /customers/new HTTP/1.0
Connection:     close
Host:           localhost:8080
X-Php-Ob-Level: 1

Form: {}/nRequest: GET /customers/new HTTP/1.0
Connection:     close
Host:           localhost:8080
X-Php-Ob-Level: 1

Form: {}/nRequest: GET /customers/new HTTP/1.0
Connection:     close
Host:           localhost:8080
X-Php-Ob-Level: 1

Form: {}/nRequest: GET /customers/new HTTP/1.0
Connection:     close
Host:           localhost:8080
X-Php-Ob-Level: 1

Form: {}/nRequest: GET /customers/new HTTP/1.0
Connection:     close
Host:           localhost:8080
X-Php-Ob-Level: 1

Form: {}/nRequest: GET /customers/new HTTP/1.0
Connection:     close
Host:           localhost:8080
X-Php-Ob-Level: 1

Form: {}/nRequest: GET /customers/new HTTP/1.0
Connection:     close
Host:           localhost:8080
X-Php-Ob-Level: 1

Form: {}/nRequest: GET /customers/new HTTP/1.0
Connection:     close
Host:           localhost:8080
X-Php-Ob-Level: 1

Form: {}/nRequest: GET /customers/new HTTP/1.0
Connection:     close
Host:           localhost:8080
X-Php-Ob-Level: 1

Form: {}/nRequest: GET /customers/new HTTP/1.0
Connection:     close
Host:           localhost:8080
X-Php-Ob-Level: 1

Form: {}/nRequest: GET /customers/new HTTP/1.0
Connection:     close
Host:           localhost:8080
X-Php-Ob-Level: 1

Form: {}/nRequest: GET /customers/new HTTP/1.0
Connection:     close
Host:           localhost:8080
X-Php-Ob-Level: 1

Form: {}/nRequest: GET /customers/new HTTP/1.0
Connection:     close
Host:           localhost:8080
X-Php-Ob-Level: 1

Form: {}/nRequest: GET /customers/new HTTP/1.0
Connection:     close
Host:           localhost:8080
X-Php-Ob-Level: 1

Form: {}/nRequest: GET /customers/new HTTP/1.0
Connection:     close
Host:           localhost:8080
X-Php-Ob-Level: 1

Form: {}/nRequest: GET /customers/new HTTP/1.0
Connection:     close
Host:           localhost:8080
X-Php-Ob-Level: 1

Form: {}/nRequest: GET /customers/new HTTP/1.0
Connection:     close
Host:           localhost:8080
X-Php-Ob-Level: 1

Form: {}/nRequest: GET /customers/new HTTP/1.0
Connection:     close
Host:           localhost:8080
X-Php-Ob-Level: 1

Form: {}/nRequest: GET /customers/new HTTP/1.0
Connection:     close
Host:           localhost:8080
X-Php-Ob-Level: 1

Form: {}/nRequest: GET /customers/new HTTP/1.0
Connection:     close
Host:           localhost:8080
X-Php-Ob-Level: 1

Form: {}/nRequest: GET /customers/new HTTP/1.0
Connection:     close
Host:           localhost:8080
X-Php-Ob-Level: 1

Form: {}/nRequest: GET /customers/new HTTP/1.0
Connection:     close
Host:           localhost:8080
X-Php-Ob-Level: 1

Form: {}/nRequest: GET /customers/new HTTP/1.0
Connection:     close
Host:           localhost:8080
X-Php-Ob-Level: 1

Form: {}/nRequest: GET /customers/new HTTP/1.0
Connection:     close
Host:           localhost:8080
X-Php-Ob-Level: 1

Form: {}/nRequest: GET /customers/new HTTP/1.0
Connection:     close
Host:           localhost:8080
X-Php-Ob-Level: 1

Form: {}/nRequest: GET /customers/new HTTP/1.0
Connection:     close
Host:           localhost:8080
X-Php-Ob-Level: 1

Form: {}/nRequest: GET /customers/new HTTP/1.0
Connection:     close
Host:           localhost:8080
X-Php-Ob-Level: 1

Form: {}/nRequest: GET /customers/new HTTP/1.0
Connection:     close
Host:           localhost:8080
X-Php-Ob-Level: 1

Form: {}/nRequest: GET /customers/new HTTP/1.0
Connection:     close
Host:           localhost:8080
X-Php-Ob-Level: 1

Form: {}/nRequest: GET /customers/new HTTP/1.0
Connection:     close
Host:           localhost:8080
X-Php-Ob-Level: 1

Form: {}/nRequest: GET /customers/new HTTP/1.0
Connection:     close
Host:           localhost:8080
X-Php-Ob-Level: 1

Form: {}/nRequest: GET /customers/new HTTP/1.0
Connection:     close
Host:           localhost:8080
X-Php-Ob-Level: 1

Form: {}/nRequest: GET /customers/new HTTP/1.0
Connection:     close
Host:           localhost:8080
X-Php-Ob-Level: 1

Form: {}/nRequest: GET /customers/new HTTP/1.0
Connection:     close
Host:           localhost:8080
X-Php-Ob-Level: 1

Form: {}/nRequest: GET /customers/new HTTP/1.0
Connection:     close
Host:           localhost:8080
X-Php-Ob-Level: 1

Form: {}/nRequest: GET /customers/new HTTP/1.0
Connection:     close
Host:           localhost:8080
X-Php-Ob-Level: 1

Form: {}/nRequest: GET /customers/new HTTP/1.0
Connection:     close
Host:           localhost:8080
X-Php-Ob-Level: 1

Form: {}/nRequest: GET /customers/new HTTP/1.0
Connection:     close
Host:           localhost:8080
X-Php-Ob-Level: 1

Form: {}/nRequest: GET /customers/new HTTP/1.0
Connection:     close
Host:           localhost:8080
X-Php-Ob-Level: 1

Form: {}/nRequest: GET /customers/new HTTP/1.0
Connection:     close
Host:           localhost:8080
X-Php-Ob-Level: 1

Form: {}/nRequest: GET /customers/new HTTP/1.0
Connection:     close
Host:           localhost:8080
X-Php-Ob-Level: 1

Form: {}/nRequest: GET /customers/new HTTP/1.0
Connection:     close
Host:           localhost:8080
X-Php-Ob-Level: 1

Form: {}/nRequest: GET /customers/new HTTP/1.0
Connection:     close
Host:           localhost:8080
X-Php-Ob-Level: 1

Form: {}/nRequest: GET /customers/new HTTP/1.0
Connection:     close
Host:           localhost:8080
X-Php-Ob-Level: 1

Form: {}/nRequest: GET /customers/new HTTP/1.0
Connection:     close
Host:           localhost:8080
X-Php-Ob-Level: 1

Form: {}/nRequest: GET /customers/new HTTP/1.0
Connection:     close
Host:           localhost:8080
X-Php-Ob-Level: 1

Form: {}/nRequest: GET /customers/new HTTP/1.0
Connection:     close
Host:           localhost:8080
X-Php-Ob-Level: 1

Form: {}/nRequest: GET /customers/new HTTP/1.0
Connection:     close
Host:           localhost:8080
X-Php-Ob-Level: 1

Form: {}/nRequest: GET /customers/new HTTP/1.0
Connection:     close
Host:           localhost:8080
X-Php-Ob-Level: 1

Form: {}/nRequest: GET /customers/new HTTP/1.0
Connection:     close
Host:           localhost:8080
X-Php-Ob-Level: 1

Form: {}/nRequest: GET /customers/new HTTP/1.0
Connection:     close
Host:           localhost:8080
X-Php-Ob-Level: 1

Form: {}/nRequest: GET /customers/new HTTP/1.0
Connection:     close
Host:           localhost:8080
X-Php-Ob-Level: 1

Form: {}/nRequest: GET /customers/new HTTP/1.0
Connection:     close
Host:           localhost:8080
X-Php-Ob-Level: 1

Form: {}/nRequest: GET /customers/new HTTP/1.0
Connection:     close
Host:           localhost:8080
X-Php-Ob-Level: 1

Form: {}/nRequest: GET /customers/new HTTP/1.0
Connection:     close
Host:           localhost:8080
X-Php-Ob-Level: 1

Form: {}/nRequest: GET /customers/new HTTP/1.0
Connection:     close
Host:           localhost:8080
X-Php-Ob-Level: 1

Form: {}/nRequest: GET /customers/new HTTP/1.0
Connection:     close
Host:           localhost:8080
X-Php-Ob-Level: 1

Form: {}/nRequest: GET /customers/new HTTP/1.0
Connection:     close
Host:           localhost:8080
X-Php-Ob-Level: 1

Form: {}/nRequest: GET /customers/new HTTP/1.0
Connection:     close
Host:           localhost:8080
X-Php-Ob-Level: 1

Form: {}/nRequest: GET /customers/new HTTP/1.0
Connection:     close
Host:           localhost:8080
X-Php-Ob-Level: 1

Form: {}/nRequest: GET /customers/new HTTP/1.0
Connection:     close
Host:           localhost:8080
X-Php-Ob-Level: 1

Form: {}/nRequest: GET /customers/new HTTP/1.0
Connection:     close
Host:           localhost:8080
X-Php-Ob-Level: 1

Form: {}/nRequest: GET /customers/new HTTP/1.0
Connection:     close
Host:           localhost:8080
X-Php-Ob-Level: 1

Form: {}/nRequest: GET /customers/new HTTP/1.0
Connection:     close
Host:           localhost:8080
X-Php-Ob-Level: 1

Form: {}/nRequest: GET /customers/new HTTP/1.0
Connection:     close
Host:           localhost:8080
X-Php-Ob-Level: 1

Form: {}/nRequest: GET /customers/new HTTP/1.0
Connection:     close
Host:           localhost:8080
X-Php-Ob-Level: 1

Form: {}/nRequest: GET /customers/new HTTP/1.0
Connection:     close
Host:           localhost:8080
X-Php-Ob-Level: 1

Form: {}/nRequest: GET /customers/new HTTP/1.0
Connection:     close
Host:           localhost:8080
X-Php-Ob-Level: 1

Form: {}/nRequest: GET /customers/new HTTP/1.0
Connection:     close
Host:           localhost:8080
X-Php-Ob-Level: 1

Form: {}/nRequest: GET /customers/new HTTP/1.0
Connection:     close
Host:           localhost:8080
X-Php-Ob-Level: 1

Form: {}/nRequest: GET /customers/new HTTP/1.0
Connection:     close
Host:           localhost:8080
X-Php-Ob-Level: 1

Form: {}/nRequest: GET /customers/new HTTP/1.0
Connection:     close
Host:           localhost:8080
X-Php-Ob-Level: 1

Form: {}/nRequest: GET /customers/new HTTP/1.0
Connection:     close
Host:           localhost:8080
X-Php-Ob-Level: 1

Form: {}/nRequest: GET /customers/new HTTP/1.0
Connection:     close
Host:           localhost:8080
X-Php-Ob-Level: 1

Form: {}/nRequest: GET /customers/new HTTP/1.0
Connection:     close
Host:           localhost:8080
X-Php-Ob-Level: 1

Form: {}/nRequest: GET /customers/new HTTP/1.0
Connection:     close
Host:           localhost:8080
X-Php-Ob-Level: 1

Form: {}/nRequest: GET /customers/new HTTP/1.0
Connection:     close
Host:           localhost:8080
X-Php-Ob-Level: 1

Form: {}/nRequest: GET /customers/new HTTP/1.0
Connection:     close
Host:           localhost:8080
X-Php-Ob-Level: 1

Form: {}/nRequest: GET /customers/new HTTP/1.0
Connection:     close
Host:           localhost:8080
X-Php-Ob-Level: 1

Form: {}/nRequest: GET /customers/new HTTP/1.0
Connection:     close
Host:           localhost:8080
X-Php-Ob-Level: 1

Form: {}/nRequest: GET /customers/new HTTP/1.0
Connection:     close
Host:           localhost:8080
X-Php-Ob-Level: 1

Form: {}/nRequest: GET /customers/new HTTP/1.0
Connection:     close
Host:           localhost:8080
X-Php-Ob-Level: 1

Form: {}/nRequest: GET /customers/new HTTP/1.0
Connection:     close
Host:           localhost:8080
X-Php-Ob-Level: 1

Form: {}/nRequest: GET /customers/new HTTP/1.0
Connection:     close
Host:           localhost:8080
X-Php-Ob-Level: 1

Form: {}/nRequest: GET /customers/new HTTP/1.0
Connection:     close
Host:           localhost:8080
X-Php-Ob-Level: 1

Form: {}/nRequest: GET /customers/new HTTP/1.0
Connection:     close
Host:           localhost:8080
X-Php-Ob-Level: 1

Form: {}/nRequest: GET /customers/new HTTP/1.0
Connection:     close
Host:           localhost:8080
X-Php-Ob-Level: 1

Form: {}/nRequest: GET /customers/new HTTP/1.0
Connection:     close
Host:           localhost:8080
X-Php-Ob-Level: 1

Form: {}/nRequest: GET /customers/new HTTP/1.0
Connection:     close
Host:           localhost:8080
X-Php-Ob-Level: 1

Form: {}/nRequest: GET /customers/new HTTP/1.0
Connection:     close
Host:           localhost:8080
X-Php-Ob-Level: 1

Form: {}/nRequest: GET /customers/new HTTP/1.0
Connection:     close
Host:           localhost:8080
X-Php-Ob-Level: 1

Form: {}/nRequest: GET /customers/new HTTP/1.0
Connection:     close
Host:           localhost:8080
X-Php-Ob-Level: 1

Form: {}/nRequest: GET /customers/new HTTP/1.0
Connection:     close
Host:           localhost:8080
X-Php-Ob-Level: 1

Form: {}/nRequest: GET /customers/new HTTP/1.0
Connection:     close
Host:           localhost:8080
X-Php-Ob-Level: 1

Form: {}/nRequest: GET /customers/new HTTP/1.0
Connection:     close
Host:           localhost:8080
X-Php-Ob-Level: 1

Form: {}/nRequest: GET /customers/new HTTP/1.0
Connection:     close
Host:           localhost:8080
X-Php-Ob-Level: 1

Form: {}/nRequest: GET /customers/new HTTP/1.0
Connection:     close
Host:           localhost:8080
X-Php-Ob-Level: 1

Form: {}/nRequest: GET /customers/new HTTP/1.0
Connection:     close
Host:           localhost:8080
X-Php-Ob-Level: 1

Form: {}/nRequest: GET /customers/new HTTP/1.0
Connection:     close
Host:           localhost:8080
X-Php-Ob-Level: 1

Form: {}/nRequest: GET /customers/new HTTP/1.0
Connection:     close
Host:           localhost:8080
X-Php-Ob-Level: 1

Form: {}/nRequest: GET /customers/new HTTP/1.0
Connection:     close
Host:           localhost:8080
X-Php-Ob-Level: 1

Form: {}/nRequest: GET /customers/new HTTP/1.0
Connection:     close
Host:           localhost:8080
X-Php-Ob-Level: 1

Form: {}/nRequest: GET /customers/new HTTP/1.0
Connection:     close
Host:           localhost:8080
X-Php-Ob-Level: 1

Form: {}/nRequest: GET /customers/new HTTP/1.0
Connection:     close
Host:           localhost:8080
X-Php-Ob-Level: 1

Form: {}/nRequest: GET /customers/new HTTP/1.0
Connection:     close
Host:           localhost:8080
X-Php-Ob-Level: 1

Form: {}/nRequest: GET /customers/new HTTP/1.0
Connection:     close
Host:           localhost:8080
X-Php-Ob-Level: 1

Form: {}/nRequest: GET /customers/new HTTP/1.0
Connection:     close
Host:           localhost:8080
X-Php-Ob-Level: 1

Form: {}/nRequest: GET /customers/new HTTP/1.0
Connection:     close
Host:           localhost:8080
X-Php-Ob-Level: 1

Form: {}/nRequest: GET /customers/new HTTP/1.0
Connection:     close
Host:           localhost:8080
X-Php-Ob-Level: 1

Form: {}/nRequest: GET /customers/new HTTP/1.0
Connection:     close
Host:           localhost:8080
X-Php-Ob-Level: 1

Form: {}/nRequest: GET /customers/new HTTP/1.0
Connection:     close
Host:           localhost:8080
X-Php-Ob-Level: 1

Form: {}/nRequest: GET /customers/new HTTP/1.0
Connection:     close
Host:           localhost:8080
X-Php-Ob-Level: 1

Form: {}/nRequest: GET /customers/new HTTP/1.0
Connection:     close
Host:           localhost:8080
X-Php-Ob-Level: 1

Form: {}/nRequest: GET /customers/new HTTP/1.0
Connection:     close
Host:           localhost:8080
X-Php-Ob-Level: 1

Form: {}/nRequest: GET /customers/new HTTP/1.0
Connection:     close
Host:           localhost:8080
X-Php-Ob-Level: 1

Form: {}/nRequest: GET /customers/new HTTP/1.0
Connection:     close
Host:           localhost:8080
X-Php-Ob-Level: 1

Form: {}/nRequest: GET /customers/new HTTP/1.0
Connection:     close
Host:           localhost:8080
X-Php-Ob-Level: 1

Form: {}/nRequest: GET /customers/new HTTP/1.0
Connection:     close
Host:           localhost:8080
X-Php-Ob-Level: 1

Form: {}/nRequest: GET /customers/new HTTP/1.0
Connection:     close
Host:           localhost:8080
X-Php-Ob-Level: 1

Form: {}/nRequest: GET /customers/new HTTP/1.0
Connection:     close
Host:           localhost:8080
X-Php-Ob-Level: 1

Form: {}/nRequest: GET /customers/new HTTP/1.0
Connection:     close
Host:           localhost:8080
X-Php-Ob-Level: 1

Form: {}/nRequest: GET /customers/new HTTP/1.0
Connection:     close
Host:           localhost:8080
X-Php-Ob-Level: 1

Form: {}/nRequest: GET /customers/new HTTP/1.0
Connection:     close
Host:           localhost:8080
X-Php-Ob-Level: 1

Form: {}/nRequest: GET /customers/new HTTP/1.0
Connection:     close
Host:           localhost:8080
X-Php-Ob-Level: 1

Form: {}/nRequest: GET /customers/new HTTP/1.0
Connection:     close
Host:           localhost:8080
X-Php-Ob-Level: 1

Form: {}/nRequest: GET /customers/new HTTP/1.0
Connection:     close
Host:           localhost:8080
X-Php-Ob-Level: 1

Form: {}/nRequest: GET /customers/new HTTP/1.0
Connection:     close
Host:           localhost:8080
X-Php-Ob-Level: 1

Form: {}/nRequest: GET /customers/new HTTP/1.0
Connection:     close
Host:           localhost:8080
X-Php-Ob-Level: 1

Form: {}/nRequest: GET /customers/new HTTP/1.0
Connection:     close
Host:           localhost:8080
X-Php-Ob-Level: 1

Form: {}/nRequest: GET /customers/new HTTP/1.0
Connection:     close
Host:           localhost:8080
X-Php-Ob-Level: 1

Form: {}/nRequest: GET /customers/new HTTP/1.0
Connection:     close
Host:           localhost:8080
X-Php-Ob-Level: 1

Form: {}/nRequest: GET /customers/new HTTP/1.0
Connection:     close
Host:           localhost:8080
X-Php-Ob-Level: 1

Form: {}/nRequest: GET /customers/new HTTP/1.0
Connection:     close
Host:           localhost:8080
X-Php-Ob-Level: 1

Form: {}/nRequest: GET /customers/new HTTP/1.0
Connection:     close
Host:           localhost:8080
X-Php-Ob-Level: 1

Form: {}/nRequest: GET /customers/new HTTP/1.0
Connection:     close
Host:           localhost:8080
X-Php-Ob-Level: 1

Form: {}/nRequest: GET /customers/new HTTP/1.0
Connection:     close
Host:           localhost:8080
X-Php-Ob-Level: 1

Form: {}/nRequest: GET /customers/new HTTP/1.0
Connection:     close
Host:           localhost:8080
X-Php-Ob-Level: 1

Form: {}/nRequest: GET /customers/new HTTP/1.0
Connection:     close
Host:           localhost:8080
X-Php-Ob-Level: 1

Form: {}/nRequest: GET /customers/new HTTP/1.0
Connection:     close
Host:           localhost:8080
X-Php-Ob-Level: 1

Form: {}/nRequest: GET /customers/new HTTP/1.0
Connection:     close
Host:           localhost:8080
X-Php-Ob-Level: 1

Form: {}/nRequest: GET /customers/new HTTP/1.0
Connection:     close
Host:           localhost:8080
X-Php-Ob-Level: 1

Form: {}/nRequest: GET /customers/new HTTP/1.0
Connection:     close
Host:           localhost:8080
X-Php-Ob-Level: 1

Form: {}/nRequest: GET /customers/new HTTP/1.0
Connection:     close
Host:           localhost:8080
X-Php-Ob-Level: 1

Form: {}/nRequest: GET /customers/new HTTP/1.0
Connection:     close
Host:           localhost:8080
X-Php-Ob-Level: 1

Form: {}/nRequest: GET /customers/new HTTP/1.0
Connection:     close
Host:           localhost:8080
X-Php-Ob-Level: 1

Form: {}/nRequest: GET /customers/new HTTP/1.0
Connection:     close
Host:           localhost:8080
X-Php-Ob-Level: 1

Form: {}/nRequest: GET /customers/new HTTP/1.0
Connection:     close
Host:           localhost:8080
X-Php-Ob-Level: 1

Form: {}/nRequest: GET /customers/new HTTP/1.0
Connection:     close
Host:           localhost:8080
X-Php-Ob-Level: 1

Form: {}/nRequest: GET /customers/new HTTP/1.0
Connection:     close
Host:           localhost:8080
X-Php-Ob-Level: 1

Form: {}/nRequest: GET /customers/new HTTP/1.0
Connection:     close
Host:           localhost:8080
X-Php-Ob-Level: 1

Form: {}/nRequest: GET /customers/new HTTP/1.0
Connection:     close
Host:           localhost:8080
X-Php-Ob-Level: 1

Form: {}/nRequest: GET /customers/new HTTP/1.0
Connection:     close
Host:           localhost:8080
X-Php-Ob-Level: 1

Form: {}/nRequest: GET /customers/new HTTP/1.0
Connection:     close
Host:           localhost:8080
X-Php-Ob-Level: 1

Form: {}/nRequest: GET /customers/new HTTP/1.0
Connection:     close
Host:           localhost:8080
X-Php-Ob-Level: 1

Form: {}/nRequest: GET /customers/new HTTP/1.0
Connection:     close
Host:           localhost:8080
X-Php-Ob-Level: 1

Form: {}/nRequest: GET /customers/new HTTP/1.0
Connection:     close
Host:           localhost:8080
X-Php-Ob-Level: 1

Form: {}/nRequest: GET /customers/new HTTP/1.0
Connection:     close
Host:           localhost:8080
X-Php-Ob-Level: 1

Form: {}/nRequest: GET /customers/new HTTP/1.0
Connection:     close
Host:           localhost:8080
X-Php-Ob-Level: 1

Form: {}/nRequest: GET /customers/new HTTP/1.0
Connection:     close
Host:           localhost:8080
X-Php-Ob-Level: 1

Form: {}/nRequest: GET /customers/new HTTP/1.0
Connection:     close
Host:           localhost:8080
X-Php-Ob-Level: 1

Form: {}/nRequest: GET /customers/new HTTP/1.0
Connection:     close
Host:           localhost:8080
X-Php-Ob-Level: 1

Form: {}/nRequest: GET /customers/new HTTP/1.0
Connection:     close
Host:           localhost:8080
X-Php-Ob-Level: 1

Form: {}/nRequest: GET /customers/new HTTP/1.0
Connection:     close
Host:           localhost:8080
X-Php-Ob-Level: 1

Form: {}/nRequest: GET /customers/new HTTP/1.0
Connection:     close
Host:           localhost:8080
X-Php-Ob-Level: 1

Form: {}/nRequest: GET /customers/new HTTP/1.0
Connection:     close
Host:           localhost:8080
X-Php-Ob-Level: 1

Form: {}/nRequest: GET /customers/new HTTP/1.0
Connection:     close
Host:           localhost:8080
X-Php-Ob-Level: 1

Form: {}/nRequest: GET /customers/new HTTP/1.0
Connection:     close
Host:           localhost:8080
X-Php-Ob-Level: 1

Form: {}/nRequest: GET /customers/new HTTP/1.0
Connection:     close
Host:           localhost:8080
X-Php-Ob-Level: 1

Form: {}/nRequest: GET /customers/new HTTP/1.0
Connection:     close
Host:           localhost:8080
X-Php-Ob-Level: 1

Form: {}/nRequest: GET /customers/new HTTP/1.0
Connection:     close
Host:           localhost:8080
X-Php-Ob-Level: 1

Form: {}/nRequest: GET /customers/new HTTP/1.0
Connection:     close
Host:           localhost:8080
X-Php-Ob-Level: 1

Form: {}/nRequest: GET /customers/new HTTP/1.0
Connection:     close
Host:           localhost:8080
X-Php-Ob-Level: 1

Form: {}/nRequest: GET /customers/new HTTP/1.0
Connection:     close
Host:           localhost:8080
X-Php-Ob-Level: 1

Form: {}/nRequest: GET /customers/new HTTP/1.0
Connection:     close
Host:           localhost:8080
X-Php-Ob-Level: 1

Form: {}/nRequest: GET /customers/new HTTP/1.0
Connection:     close
Host:           localhost:8080
X-Php-Ob-Level: 1

Form: {}/nRequest: GET /customers/new HTTP/1.0
Connection:     close
Host:           localhost:8080
X-Php-Ob-Level: 1

Form: {}/nRequest: GET /customers/new HTTP/1.0
Connection:     close
Host:           localhost:8080
X-Php-Ob-Level: 1

Form: {}/nRequest: GET /customers/new HTTP/1.0
Connection:     close
Host:           localhost:8080
X-Php-Ob-Level: 1

Form: {}/nRequest: GET /customers/new HTTP/1.0
Connection:     close
Host:           localhost:8080
X-Php-Ob-Level: 1

Form: {}/nRequest: GET /customers/new HTTP/1.0
Connection:     close
Host:           localhost:8080
X-Php-Ob-Level: 1

Form: {}/nRequest: GET /customers/new HTTP/1.0
Connection:     close
Host:           localhost:8080
X-Php-Ob-Level: 1

Form: {}/nRequest: GET /customers/new HTTP/1.0
Connection:     close
Host:           localhost:8080
X-Php-Ob-Level: 1

Form: {}/nRequest: GET /customers/new HTTP/1.0
Connection:     close
Host:           localhost:8080
X-Php-Ob-Level: 1

Form: {}/nRequest: GET /customers/new HTTP/1.0
Connection:     close
Host:           localhost:8080
X-Php-Ob-Level: 1

Form: {}/nRequest: GET /customers/new HTTP/1.0
Connection:     close
Host:           localhost:8080
X-Php-Ob-Level: 1

Form: {}/nRequest: GET /customers/new HTTP/1.0
Connection:     close
Host:           localhost:8080
X-Php-Ob-Level: 1

Form: {}/nRequest: GET /customers/new HTTP/1.0
Connection:     close
Host:           localhost:8080
X-Php-Ob-Level: 1

Form: {}/nRequest: GET /customers/new HTTP/1.0
Connection:     close
Host:           localhost:8080
X-Php-Ob-Level: 1

Form: {}/nRequest: GET /customers/new HTTP/1.0
Connection:     close
Host:           localhost:8080
X-Php-Ob-Level: 1

Form: {}/nRequest: GET /customers/new HTTP/1.0
Connection:     close
Host:           localhost:8080
X-Php-Ob-Level: 1

Form: {}/nRequest: GET /customers/new HTTP/1.0
Connection:     close
Host:           localhost:8080
X-Php-Ob-Level: 1

Form: {}/nRequest: GET /customers/new HTTP/1.0
Connection:     close
Host:           localhost:8080
X-Php-Ob-Level: 1

Form: {}/nRequest: GET /customers/new HTTP/1.0
Connection:     close
Host:           localhost:8080
X-Php-Ob-Level: 1

Form: {}/nRequest: GET /customers/new HTTP/1.0
Connection:     close
Host:           localhost:8080
X-Php-Ob-Level: 1

Form: {}/nRequest: GET /customers/new HTTP/1.0
Connection:     close
Host:           localhost:8080
X-Php-Ob-Level: 1

Form: {}/nRequest: GET /customers/new HTTP/1.0
Connection:     close
Host:           localhost:8080
X-Php-Ob-Level: 1

Form: {}/nRequest: GET /customers/new HTTP/1.0
Connection:     close
Host:           localhost:8080
X-Php-Ob-Level: 1

Form: {}/nRequest: GET /customers/new HTTP/1.0
Connection:     close
Host:           localhost:8080
X-Php-Ob-Level: 1

Form: {}/nRequest: GET /customers/new HTTP/1.0
Connection:     close
Host:           localhost:8080
X-Php-Ob-Level: 1

Form: {}/nRequest: GET /customers/new HTTP/1.0
Connection:     close
Host:           localhost:8080
X-Php-Ob-Level: 1

Form: {}/nRequest: GET /customers/new HTTP/1.0
Connection:     close
Host:           localhost:8080
X-Php-Ob-Level: 1

Form: {}/nRequest: GET /customers/new HTTP/1.0
Connection:     close
Host:           localhost:8080
X-Php-Ob-Level: 1

Form: {}/nRequest: GET /customers/new HTTP/1.0
Connection:     close
Host:           localhost:8080
X-Php-Ob-Level: 1

Form: {}/nRequest: GET /customers/new HTTP/1.0
Connection:     close
Host:           localhost:8080
X-Php-Ob-Level: 1

Form: {}/nRequest: GET /customers/new HTTP/1.0
Connection:     close
Host:           localhost:8080
X-Php-Ob-Level: 1

Form: {}/nRequest: GET /customers/new HTTP/1.0
Connection:     close
Host:           localhost:8080
X-Php-Ob-Level: 1

Form: {}/nRequest: GET /customers/new HTTP/1.0
Connection:     close
Host:           localhost:8080
X-Php-Ob-Level: 1

Form: {}/nRequest: GET /customers/new HTTP/1.0
Connection:     close
Host:           localhost:8080
X-Php-Ob-Level: 1

Form: {}/nRequest: GET /customers/new HTTP/1.0
Connection:     close
Host:           localhost:8080
X-Php-Ob-Level: 1

Form: {}/nRequest: GET /customers/new HTTP/1.0
Connection:     close
Host:           localhost:8080
X-Php-Ob-Level: 1

Form: {}/nRequest: GET /customers/new HTTP/1.0
Connection:     close
Host:           localhost:8080
X-Php-Ob-Level: 1

Form: {}/nRequest: GET /customers/new HTTP/1.0
Connection:     close
Host:           localhost:8080
X-Php-Ob-Level: 1

Form: {}/nRequest: GET /customers/new HTTP/1.0
Connection:     close
Host:           localhost:8080
X-Php-Ob-Level: 1

Form: {}/nRequest: GET /customers/new HTTP/1.0
Connection:     close
Host:           localhost:8080
X-Php-Ob-Level: 1

Form: {}/nRequest: GET /customers/new HTTP/1.0
Connection:     close
Host:           localhost:8080
X-Php-Ob-Level: 1

Form: {}/nRequest: GET /customers/new HTTP/1.0
Connection:     close
Host:           localhost:8080
X-Php-Ob-Level: 1

Form: {}/nRequest: GET /customers/new HTTP/1.0
Connection:     close
Host:           localhost:8080
X-Php-Ob-Level: 1

Form: {}/nRequest: GET /customers/new HTTP/1.0
Connection:     close
Host:           localhost:8080
X-Php-Ob-Level: 1

Form: {}/nRequest: GET /customers/new HTTP/1.0
Connection:     close
Host:           localhost:8080
X-Php-Ob-Level: 1

Form: {}/nRequest: GET /customers/new HTTP/1.0
Connection:     close
Host:           localhost:8080
X-Php-Ob-Level: 1

Form: {}/nRequest: GET /customers/new HTTP/1.0
Connection:     close
Host:           localhost:8080
X-Php-Ob-Level: 1

Form: {}/nRequest: GET /customers/new HTTP/1.0
Connection:     close
Host:           localhost:8080
X-Php-Ob-Level: 1

Form: {}/nRequest: GET /customers/new HTTP/1.0
Connection:     close
Host:           localhost:8080
X-Php-Ob-Level: 1

Form: {}/nRequest: GET /customers/new HTTP/1.0
Connection:     close
Host:           localhost:8080
X-Php-Ob-Level: 1

Form: {}/nRequest: GET /customers/new HTTP/1.0
Connection:     close
Host:           localhost:8080
X-Php-Ob-Level: 1

Form: {}/nRequest: GET /customers/new HTTP/1.0
Connection:     close
Host:           localhost:8080
X-Php-Ob-Level: 1

Form: {}/nRequest: GET /customers/new HTTP/1.0
Connection:     close
Host:           localhost:8080
X-Php-Ob-Level: 1

Form: {}/nRequest: GET /customers/new HTTP/1.0
Connection:     close
Host:           localhost:8080
X-Php-Ob-Level: 1

Form: {}/nRequest: GET /customers/new HTTP/1.0
Connection:     close
Host:           localhost:8080
X-Php-Ob-Level: 1

Form: {}/nRequest: GET /customers/new HTTP/1.0
Connection:     close
Host:           localhost:8080
X-Php-Ob-Level: 1

Form: {}/nRequest: GET /customers/new HTTP/1.0
Connection:     close
Host:           localhost:8080
X-Php-Ob-Level: 1

Form: {}/nRequest: GET /customers/new HTTP/1.0
Connection:     close
Host:           localhost:8080
X-Php-Ob-Level: 1

Form: {}/nRequest: GET /customers/new HTTP/1.0
Connection:     close
Host:           localhost:8080
X-Php-Ob-Level: 1

Form: {}/nRequest: GET /customers/new HTTP/1.0
Connection:     close
Host:           localhost:8080
X-Php-Ob-Level: 1

Form: {}/nRequest: GET /customers/new HTTP/1.0
Connection:     close
Host:           localhost:8080
X-Php-Ob-Level: 1

Form: {}/nRequest: GET /customers/new HTTP/1.0
Connection:     close
Host:           localhost:8080
X-Php-Ob-Level: 1

Form: {}/nRequest: GET /customers/new HTTP/1.0
Connection:     close
Host:           localhost:8080
X-Php-Ob-Level: 1

Form: {}/nRequest: GET /customers/new HTTP/1.0
Connection:     close
Host:           localhost:8080
X-Php-Ob-Level: 1

Form: {}/nRequest: GET /customers/new HTTP/1.0
Connection:     close
Host:           localhost:8080
X-Php-Ob-Level: 1

Form: {}/nRequest: GET /customers/new HTTP/1.0
Connection:     close
Host:           localhost:8080
X-Php-Ob-Level: 1

Form: {}/nRequest: GET /customers/new HTTP/1.0
Connection:     close
Host:           localhost:8080
X-Php-Ob-Level: 1

Form: {}/nRequest: GET /customers/new HTTP/1.0
Connection:     close
Host:           localhost:8080
X-Php-Ob-Level: 1

Form: {}/nRequest: GET /customers/new HTTP/1.0
Connection:     close
Host:           localhost:8080
X-Php-Ob-Level: 1

Form: {}/nRequest: GET /customers/new HTTP/1.0
Connection:     close
Host:           localhost:8080
X-Php-Ob-Level: 1

Form: {}/nRequest: GET /customers/new HTTP/1.0
Connection:     close
Host:           localhost:8080
X-Php-Ob-Level: 1

Form: {}/nRequest: GET /customers/new HTTP/1.0
Connection:     close
Host:           localhost:8080
X-Php-Ob-Level: 1

Form: {}/nRequest: GET /customers/new HTTP/1.0
Connection:     close
Host:           localhost:8080
X-Php-Ob-Level: 1

Form: {}/nRequest: GET /customers/new HTTP/1.0
Connection:     close
Host:           localhost:8080
X-Php-Ob-Level: 1

Form: {}/nRequest: GET /customers/new HTTP/1.0
Connection:     close
Host:           localhost:8080
X-Php-Ob-Level: 1

Form: {}/nRequest: GET /customers/new HTTP/1.0
Connection:     close
Host:           localhost:8080
X-Php-Ob-Level: 1

Form: {}/nRequest: GET /customers/new HTTP/1.0
Connection:     close
Host:           localhost:8080
X-Php-Ob-Level: 1

Form: {}/nRequest: GET /customers/new HTTP/1.0
Connection:     close
Host:           localhost:8080
X-Php-Ob-Level: 1

Form: {}/nRequest: GET /customers/new HTTP/1.0
Connection:     close
Host:           localhost:8080
X-Php-Ob-Level: 1

Form: {}/nRequest: GET /customers/new HTTP/1.0
Connection:     close
Host:           localhost:8080
X-Php-Ob-Level: 1

Form: {}/nRequest: GET /customers/new HTTP/1.0
Connection:     close
Host:           localhost:8080
X-Php-Ob-Level: 1

Form: {}/nRequest: GET /customers/new HTTP/1.0
Connection:     close
Host:           localhost:8080
X-Php-Ob-Level: 1

Form: {}/nRequest: GET /customers/new HTTP/1.0
Connection:     close
Host:           localhost:8080
X-Php-Ob-Level: 1

Form: {}/nRequest: GET /customers/new HTTP/1.0
Connection:     close
Host:           localhost:8080
X-Php-Ob-Level: 1

Form: {}/nRequest: GET /customers/new HTTP/1.0
Connection:     close
Host:           localhost:8080
X-Php-Ob-Level: 1

Form: {}/nRequest: GET /customers/new HTTP/1.0
Connection:     close
Host:           localhost:8080
X-Php-Ob-Level: 1

Form: {}/nRequest: GET /customers/new HTTP/1.0
Connection:     close
Host:           localhost:8080
X-Php-Ob-Level: 1

Form: {}/nRequest: GET /customers/new HTTP/1.0
Connection:     close
Host:           localhost:8080
X-Php-Ob-Level: 1

Form: {}/nRequest: GET /customers/new HTTP/1.0
Connection:     close
Host:           localhost:8080
X-Php-Ob-Level: 1

Form: {}/nRequest: GET /customers/new HTTP/1.0
Connection:     close
Host:           localhost:8080
X-Php-Ob-Level: 1

Form: {}/nRequest: GET /customers/new HTTP/1.0
Connection:     close
Host:           localhost:8080
X-Php-Ob-Level: 1

Form: {}/nRequest: GET /customers/new HTTP/1.0
Connection:     close
Host:           localhost:8080
X-Php-Ob-Level: 1

Form: {}/nRequest: GET /customers/new HTTP/1.0
Connection:     close
Host:           localhost:8080
X-Php-Ob-Level: 1

Form: {}/nRequest: GET /customers/new HTTP/1.0
Connection:     close
Host:           localhost:8080
X-Php-Ob-Level: 1

Form: {}/nRequest: GET /customers/new HTTP/1.0
Connection:     close
Host:           localhost:8080
X-Php-Ob-Level: 1

Form: {}/nRequest: GET /customers/new HTTP/1.0
Connection:     close
Host:           localhost:8080
X-Php-Ob-Level: 1

Form: {}/nRequest: GET /customers/new HTTP/1.0
Connection:     close
Host:           localhost:8080
X-Php-Ob-Level: 1

Form: {}/nRequest: GET /customers/new HTTP/1.0
Connection:     close
Host:           localhost:8080
X-Php-Ob-Level: 1

Form: {}/nRequest: GET /customers/new HTTP/1.0
Connection:     close
Host:           localhost:8080
X-Php-Ob-Level: 1

Form: {}/nRequest: GET /customers/new HTTP/1.0
Connection:     close
Host:           localhost:8080
X-Php-Ob-Level: 1

Form: {}/nRequest: GET /customers/new HTTP/1.0
Connection:     close
Host:           localhost:8080
X-Php-Ob-Level: 1

Form: {}/nRequest: GET /customers/new HTTP/1.0
Connection:     close
Host:           localhost:8080
X-Php-Ob-Level: 1

Form: {}/nRequest: GET /customers/new HTTP/1.0
Connection:     close
Host:           localhost:8080
X-Php-Ob-Level: 1

Form: {}/nRequest: GET /customers/new HTTP/1.0
Connection:     close
Host:           localhost:8080
X-Php-Ob-Level: 1

Form: {}/nRequest: GET /customers/new HTTP/1.0
Connection:     close
Host:           localhost:8080
X-Php-Ob-Level: 1

Form: {}/nRequest: GET /customers/new HTTP/1.0
Connection:     close
Host:           localhost:8080
X-Php-Ob-Level: 1

Form: {}/nRequest: GET /customers/new HTTP/1.0
Connection:     close
Host:           localhost:8080
X-Php-Ob-Level: 1

Form: {}/nRequest: GET /customers/new HTTP/1.0
Connection:     close
Host:           localhost:8080
X-Php-Ob-Level: 1

Form: {}/nRequest: GET /customers/new HTTP/1.0
Connection:     close
Host:           localhost:8080
X-Php-Ob-Level: 1

Form: {}/nRequest: GET /customers/new HTTP/1.0
Connection:     close
Host:           localhost:8080
X-Php-Ob-Level: 1

Form: {}/nRequest: GET /customers/new HTTP/1.0
Connection:     close
Host:           localhost:8080
X-Php-Ob-Level: 1

Form: {}/nRequest: GET /customers/new HTTP/1.0
Connection:     close
Host:           localhost:8080
X-Php-Ob-Level: 1

